2023-10-01 22:04:34 - Satisfiable
2023-10-01 22:04:34 - Variable assignments: [0, 0, 1, 1, -1, -1, -1, -1]
2023-10-01 22:04:34 - Unsatisfiable
2023-10-01 22:04:34 - Satisfiable
2023-10-01 22:04:34 - Variable assignments: [1, 0, 1, 1, -1, 1, -1, 1]
2023-10-01 22:04:34 - Satisfiable
2023-10-01 22:04:34 - Variable assignments: [1, 0, 1, 0, -1, -1, -1, -1]
2023-10-01 22:04:34 - Unsatisfiable
2023-10-01 22:04:34 - Unsatisfiable
2023-10-01 22:04:34 - Unsatisfiable
2023-10-01 22:04:34 - Satisfiable
2023-10-01 22:04:34 - Variable assignments: [1, 1, 1, 0, -1, -1, -1, -1]
2023-10-01 22:04:34 - Satisfiable
2023-10-01 22:04:34 - Variable assignments: [1, 1, 1, 0, -1, -1, 1, -1]
2023-10-01 22:04:34 - Satisfiable
2023-10-01 22:04:34 - Variable assignments: [0, 0, 1, 1, -1, -1, -1, -1]
2023-10-01 22:04:34 - Satisfiable
2023-10-01 22:04:34 - Variable assignments: [0, 0, 1, 1, 1, 1, 1, 1, 1, -1, -1, -1, -1, -1, -1, -1]
2023-10-01 22:04:34 - Satisfiable
2023-10-01 22:04:34 - Variable assignments: [0, 1, 1, 0, 1, 1, 0, 1, -1, -1, -1, -1, -1, -1, 1, -1]
2023-10-01 22:04:34 - Satisfiable
2023-10-01 22:04:34 - Variable assignments: [1, 0, 0, 1, 0, 1, 0, 1, 1, -1, -1, -1, -1, -1, -1, -1]
2023-10-01 22:04:34 - Unsatisfiable
2023-10-01 22:04:34 - Unsatisfiable
2023-10-01 22:04:34 - Unsatisfiable
2023-10-01 22:04:34 - Unsatisfiable
2023-10-01 22:04:34 - Satisfiable
2023-10-01 22:04:34 - Variable assignments: [0, 1, 0, 1, 1, 1, 0, 1, -1, -1, 1, -1, -1, -1, -1, -1]
2023-10-01 22:04:34 - Satisfiable
2023-10-01 22:04:34 - Variable assignments: [0, 1, 1, 1, 1, 1, 0, 1, -1, -1, -1, -1, -1, 1, -1, -1]
2023-10-01 22:04:34 - Unsatisfiable
2023-10-01 22:04:34 - Unsatisfiable
2023-10-01 22:04:34 - Satisfiable
2023-10-01 22:04:34 - Variable assignments: [1, 1, 1, 1, 1, 0, 1, 0, 1, 0, 0, 1, 1, -1, -1, -1, -1, -1, -1, -1, -1, 1, -1, 1]
2023-10-01 22:04:34 - Satisfiable
2023-10-01 22:04:34 - Variable assignments: [0, 1, 1, 1, 1, 0, 1, 1, 1, 1, 1, 1, 1, -1, -1, -1, -1, 1, -1, -1, -1, 1, -1, -1]
2023-10-01 22:04:34 - Satisfiable
2023-10-01 22:04:34 - Variable assignments: [0, 1, 1, 0, 1, 0, 1, 1, 1, 1, 1, 1, -1, -1, 1, 1, -1, -1, -1, 1, -1, 1, 1, -1]
2023-10-01 22:04:34 - Satisfiable
2023-10-01 22:04:34 - Variable assignments: [0, 1, 1, 1, 0, 1, 1, 0, 0, 0, 1, 0, -1, -1, -1, -1, -1, -1, 1, -1, -1, -1, 1, -1]
2023-10-01 22:04:34 - Satisfiable
2023-10-01 22:04:34 - Variable assignments: [1, 1, 1, 1, 1, 1, 1, 1, 1, 0, 0, 0, -1, -1, -1, 1, 1, 1, -1, -1, -1, 1, -1, -1]
2023-10-01 22:04:34 - Unsatisfiable
2023-10-01 22:04:34 - Unsatisfiable
2023-10-01 22:04:34 - Unsatisfiable
2023-10-01 22:04:34 - Unsatisfiable
2023-10-01 22:04:34 - Satisfiable
2023-10-01 22:04:34 - Variable assignments: [1, 1, 1, 1, 0, 1, 1, 1, 1, 0, 1, 0, 1, 1, 1, 1, 1, 1, -1, 1, -1, -1, -1, 1, -1, 1, -1, -1, -1, 1, 1, -1]
2023-10-01 22:04:34 - Unsatisfiable
2023-10-01 22:04:34 - Satisfiable
2023-10-01 22:04:34 - Variable assignments: [0, 1, 1, 1, 1, 1, 1, 0, 1, 1, 1, 0, 0, 1, 1, 0, -1, -1, -1, -1, -1, 1, -1, 1, -1, -1, -1, -1, -1, 1, 1, -1]
2023-10-01 22:04:34 - Satisfiable
2023-10-01 22:04:34 - Variable assignments: [0, 1, 0, 1, 1, 0, 1, 1, 1, 0, 1, 1, 1, 1, 1, 1, -1, -1, -1, -1, -1, 1, -1, -1, -1, -1, -1, -1, 1, -1, -1, -1]
2023-10-01 22:04:34 - Unsatisfiable
2023-10-01 22:04:34 - Satisfiable
2023-10-01 22:04:34 - Variable assignments: [1, 1, 1, 1, 0, 0, 1, 0, 1, 0, 0, 0, 0, 0, 1, 1, -1, -1, -1, -1, -1, -1, -1, -1, -1, -1, -1, -1, -1, -1, -1, -1]
2023-10-01 22:04:34 - Unsatisfiable
2023-10-01 22:04:34 - Satisfiable
2023-10-01 22:04:34 - Variable assignments: [0, 0, 1, 1, 1, 0, 1, 1, 0, 1, 1, 0, 0, 0, 0, 1, -1, -1, -1, -1, -1, -1, -1, -1, -1, 1, -1, -1, -1, -1, -1, -1]
2023-10-01 22:04:34 - Unsatisfiable
2023-10-01 22:04:34 - Satisfiable
2023-10-01 22:04:34 - Variable assignments: [1, 1, 1, 1, 1, 1, 0, 1, 0, 1, 1, 1, 1, 1, 1, 1, 1, -1, -1, -1, 1, -1, -1, -1, 1, -1, -1, -1, -1, -1, -1, 1]
2023-10-01 22:04:34 - Unsatisfiable
2023-10-01 22:04:34 - Unsatisfiable
2023-10-01 22:04:34 - Unsatisfiable
2023-10-01 22:04:34 - Satisfiable
2023-10-01 22:04:34 - Variable assignments: [0, 1, 1, 1, 1, 1, 1, 0, 0, 0, 0, 1, 0, 1, 1, 1, 0, 0, -1, -1, -1, 1, 1, -1, -1, -1, -1, -1, -1, 1, -1, -1, 1, -1, -1, -1]
2023-10-01 22:04:34 - Unsatisfiable
2023-10-01 22:04:34 - Satisfiable
2023-10-01 22:04:34 - Variable assignments: [1, 1, 0, 1, 0, 1, 1, 0, 1, 1, 0, 1, 1, 0, 1, 0, 1, 1, -1, -1, -1, -1, -1, 1, -1, -1, 1, -1, -1, -1, -1, -1, -1, -1, 1, 1]
2023-10-01 22:04:34 - Satisfiable
2023-10-01 22:04:34 - Variable assignments: [0, 1, 1, 1, 1, 1, 0, 0, 1, 1, 1, 1, 1, 1, 1, 1, 1, 1, -1, -1, -1, 1, -1, -1, -1, -1, 1, 1, -1, -1, -1, -1, 1, 1, 1, -1]
2023-10-01 22:04:34 - Unsatisfiable
2023-10-01 22:04:34 - Satisfiable
2023-10-01 22:04:34 - Variable assignments: [0, 0, 0, 1, 1, 0, 0, 1, 0, 1, 0, 1, 1, 1, 1, 0, 1, 1, -1, -1, -1, -1, -1, -1, -1, -1, -1, -1, -1, -1, -1, -1, 1, -1, -1, -1]
2023-10-01 22:04:34 - Unsatisfiable
2023-10-01 22:04:34 - Unsatisfiable
2023-10-01 22:04:34 - Satisfiable
2023-10-01 22:04:34 - Variable assignments: [0, 1, 1, 1, 1, 1, 1, 1, 0, 0, 1, 0, 1, 1, 1, 1, 1, 1, 1, 1, 1, 1, 1, 1, 1, -1, 1, -1, -1, -1, -1, -1, -1, 1, -1, -1, 1, 1, -1, -1]
2023-10-01 22:04:34 - Satisfiable
2023-10-01 22:04:34 - Variable assignments: [1, 1, 1, 1, 1, 1, 0, 1, 1, 0, 0, 1, 0, 1, 1, 0, 1, 1, 0, 0, -1, -1, -1, -1, -1, -1, 1, -1, -1, -1, -1, -1, 1, -1, 1, -1, 1, -1, 1, 1]
2023-10-01 22:04:34 - Satisfiable
2023-10-01 22:04:34 - Variable assignments: [0, 0, 0, 1, 1, 1, 1, 1, 0, 1, 1, 1, 1, 0, 1, 1, 0, 0, 1, 1, 1, 1, -1, -1, -1, 1, -1, 1, -1, 1, -1, -1, 1, -1, 1, -1, -1, -1, -1, -1]
2023-10-01 22:04:34 - Unsatisfiable
2023-10-01 22:04:34 - Unsatisfiable
2023-10-01 22:04:34 - Unsatisfiable
2023-10-01 22:04:34 - Satisfiable
2023-10-01 22:04:34 - Variable assignments: [0, 1, 0, 1, 1, 1, 1, 1, 1, 1, 1, 0, 1, 1, 0, 1, 1, 1, 1, 1, -1, 1, -1, -1, 1, -1, 1, 1, -1, -1, -1, -1, -1, 1, -1, -1, -1, -1, -1, -1]
2023-10-01 22:04:34 - Unsatisfiable
2023-10-01 22:04:34 - Unsatisfiable
2023-10-01 22:04:34 - Satisfiable
2023-10-01 22:04:34 - Variable assignments: [0, 0, 1, 1, 0, 1, 1, 1, 0, 0, 1, 1, 1, 0, 1, 1, 1, 0, 0, 1, 1, 1, -1, -1, -1, -1, -1, 1, -1, -1, -1, 1, -1, -1, -1, -1, -1, -1, 1, -1, -1, 1, -1, -1]
2023-10-01 22:04:34 - Satisfiable
2023-10-01 22:04:34 - Variable assignments: [0, 0, 0, 1, 0, 0, 0, 1, 0, 1, 0, 0, 1, 1, 1, 0, 1, 0, 1, 0, 0, 0, -1, -1, -1, -1, -1, 1, -1, -1, -1, 1, -1, -1, -1, -1, 1, -1, -1, -1, -1, -1, -1, -1]
2023-10-01 22:04:34 - Unsatisfiable
2023-10-01 22:04:34 - Satisfiable
2023-10-01 22:04:34 - Variable assignments: [0, 1, 1, 1, 0, 1, 1, 1, 0, 0, 0, 0, 1, 0, 0, 1, 0, 1, 0, 1, 1, 0, -1, 1, -1, -1, -1, -1, 1, -1, -1, 1, -1, -1, -1, -1, -1, -1, -1, -1, -1, -1, 1, -1]
2023-10-01 22:04:34 - Satisfiable
2023-10-01 22:04:34 - Variable assignments: [1, 1, 1, 0, 1, 1, 0, 1, 0, 1, 0, 0, 1, 1, 1, 0, 0, 1, 1, 1, 1, 1, 1, -1, 1, 1, -1, -1, -1, -1, 1, -1, -1, -1, 1, -1, -1, -1, -1, -1, -1, -1, 1, 1]
2023-10-01 22:04:34 - Satisfiable
2023-10-01 22:04:34 - Variable assignments: [0, 0, 0, 1, 1, 1, 1, 1, 1, 1, 1, 1, 0, 1, 0, 1, 1, 0, 1, 1, 1, 1, -1, 1, 1, -1, -1, 1, -1, -1, 1, -1, -1, -1, -1, -1, -1, -1, -1, 1, -1, -1, -1, -1]
2023-10-01 22:04:34 - Unsatisfiable
2023-10-01 22:04:34 - Unsatisfiable
2023-10-01 22:04:34 - Satisfiable
2023-10-01 22:04:34 - Variable assignments: [0, 1, 0, 0, 1, 1, 1, 0, 1, 0, 1, 0, 1, 1, 1, 1, 1, 1, 1, 0, 0, 1, -1, -1, -1, -1, -1, 1, -1, -1, 1, 1, -1, -1, -1, 1, -1, -1, 1, -1, -1, -1, 1, -1]
2023-10-01 22:04:34 - Unsatisfiable
2023-10-01 22:04:34 - Unsatisfiable
2023-10-01 22:04:34 - Satisfiable
2023-10-01 22:04:34 - Variable assignments: [0, 0, 0, 0, 1, 1, 1, 0, 1, 1, 1, 1, 1, 1, 0, 1, 1, 1, 0, 1, 1, 1, 0, 1, -1, -1, 1, 1, -1, -1, -1, 1, -1, -1, 1, 1, -1, 1, -1, -1, -1, -1, 1, -1, -1, -1, -1, -1]
2023-10-01 22:04:34 - Satisfiable
2023-10-01 22:04:34 - Variable assignments: [0, 0, 0, 0, 1, 1, 0, 1, 1, 1, 1, 1, 1, 1, 0, 0, 1, 0, 1, 1, 0, 1, 1, 1, -1, -1, -1, -1, -1, 1, -1, -1, -1, -1, -1, -1, 1, 1, -1, -1, 1, -1, -1, -1, -1, -1, -1, -1]
2023-10-01 22:04:34 - Unsatisfiable
2023-10-01 22:04:34 - Unsatisfiable
2023-10-01 22:04:34 - Unsatisfiable
2023-10-01 22:04:34 - Satisfiable
2023-10-01 22:04:34 - Variable assignments: [1, 0, 0, 1, 0, 0, 1, 1, 1, 1, 0, 1, 0, 1, 1, 1, 1, 1, 1, 1, 1, 1, 1, 1, 1, -1, -1, -1, -1, -1, -1, 1, 1, -1, -1, -1, -1, -1, -1, 1, -1, -1, -1, -1, -1, -1, -1, -1]
2023-10-01 22:04:34 - Unsatisfiable
2023-10-01 22:04:34 - Satisfiable
2023-10-01 22:04:34 - Variable assignments: [1, 0, 1, 1, 0, 1, 1, 0, 1, 0, 1, 1, 1, 1, 1, 1, 1, 1, 1, 0, 1, 1, 1, 1, 1, -1, -1, 1, -1, 1, 1, -1, -1, 1, -1, 1, -1, -1, -1, 1, -1, 1, -1, -1, -1, -1, -1, 1]
2023-10-01 22:04:34 - Satisfiable
2023-10-01 22:04:34 - Variable assignments: [1, 0, 1, 1, 0, 1, 1, 1, 0, 0, 1, 0, 0, 1, 1, 1, 1, 0, 1, 1, 1, 1, 1, 1, -1, 1, 1, 1, -1, -1, -1, -1, 1, 1, -1, -1, -1, -1, -1, -1, -1, -1, 1, -1, 1, 1, -1, 1]
2023-10-01 22:04:34 - Unsatisfiable
2023-10-01 22:04:34 - Satisfiable
2023-10-01 22:04:34 - Variable assignments: [0, 0, 1, 0, 1, 1, 0, 0, 1, 1, 0, 1, 0, 0, 0, 0, 1, 1, 1, 1, 1, 0, 1, 1, 1, 1, -1, -1, -1, -1, -1, -1, -1, -1, 1, -1, -1, -1, -1, -1, -1, -1, -1, 1, -1, -1, -1, 1, -1, -1, -1, -1]
2023-10-01 22:04:34 - Unsatisfiable
2023-10-01 22:04:34 - Unsatisfiable
2023-10-01 22:04:34 - Unsatisfiable
2023-10-01 22:04:34 - Unsatisfiable
2023-10-01 22:04:34 - Satisfiable
2023-10-01 22:04:34 - Variable assignments: [0, 1, 1, 1, 0, 1, 0, 0, 1, 1, 1, 1, 1, 0, 0, 1, 1, 0, 1, 1, 1, 1, 1, 0, 0, 0, -1, -1, -1, -1, 1, -1, -1, -1, -1, 1, -1, -1, -1, -1, 1, 1, -1, -1, -1, -1, -1, -1, -1, -1, -1, -1]
2023-10-01 22:04:34 - Satisfiable
2023-10-01 22:04:34 - Variable assignments: [0, 1, 1, 1, 1, 1, 1, 0, 1, 0, 1, 1, 1, 0, 1, 0, 0, 1, 1, 0, 1, 1, 0, 1, 1, 0, -1, -1, 1, -1, -1, -1, -1, -1, -1, -1, -1, 1, -1, 1, 1, -1, -1, -1, -1, -1, -1, -1, 1, -1, -1, -1]
2023-10-01 22:04:34 - Unsatisfiable
2023-10-01 22:04:34 - Satisfiable
2023-10-01 22:04:34 - Variable assignments: [1, 0, 1, 1, 1, 1, 1, 1, 1, 1, 0, 1, 1, 0, 1, 1, 1, 1, 1, 1, 1, 1, 0, 1, 1, 0, -1, -1, -1, -1, -1, -1, -1, 1, -1, 1, -1, -1, -1, -1, 1, -1, 1, -1, -1, -1, -1, -1, -1, -1, -1, 1]
2023-10-01 22:04:34 - Unsatisfiable
2023-10-01 22:04:34 - Satisfiable
2023-10-01 22:04:34 - Variable assignments: [0, 0, 1, 1, 1, 1, 0, 1, 1, 1, 0, 1, 1, 1, 0, 1, 1, 1, 1, 1, 1, 1, 1, 1, 1, 0, 0, 0, -1, -1, -1, 1, 1, -1, -1, -1, 1, -1, -1, 1, -1, -1, 1, 1, -1, -1, -1, -1, -1, -1, -1, -1, -1, -1, -1, -1]
2023-10-01 22:04:34 - Unsatisfiable
2023-10-01 22:04:34 - Unsatisfiable
2023-10-01 22:04:34 - Unsatisfiable
2023-10-01 22:04:34 - Satisfiable
2023-10-01 22:04:34 - Variable assignments: [0, 1, 0, 0, 1, 1, 1, 1, 1, 1, 1, 1, 0, 0, 1, 1, 1, 1, 1, 0, 1, 1, 1, 0, 1, 1, 0, 1, -1, -1, -1, -1, -1, -1, -1, -1, -1, -1, -1, 1, -1, -1, -1, -1, -1, -1, -1, -1, -1, -1, -1, 1, -1, -1, -1, -1]
2023-10-01 22:04:34 - Satisfiable
2023-10-01 22:04:34 - Variable assignments: [0, 0, 1, 0, 1, 1, 0, 1, 1, 1, 1, 1, 0, 1, 1, 1, 1, 0, 0, 1, 0, 1, 1, 1, 0, 1, 0, 0, -1, -1, 1, -1, -1, 1, -1, -1, -1, -1, -1, -1, -1, 1, -1, -1, -1, -1, -1, -1, -1, -1, -1, 1, -1, 1, -1, -1]
2023-10-01 22:04:34 - Satisfiable
2023-10-01 22:04:34 - Variable assignments: [0, 1, 1, 1, 1, 0, 1, 1, 1, 1, 0, 1, 0, 1, 0, 0, 0, 0, 0, 1, 0, 1, 1, 1, 1, 1, 0, 1, -1, -1, 1, -1, -1, -1, 1, -1, -1, -1, -1, -1, -1, -1, 1, -1, -1, -1, 1, -1, 1, 1, -1, -1, -1, -1, -1, -1]
2023-10-01 22:04:34 - Unsatisfiable
2023-10-01 22:04:34 - Satisfiable
2023-10-01 22:04:34 - Variable assignments: [1, 1, 0, 0, 0, 1, 0, 0, 0, 0, 1, 0, 1, 1, 1, 1, 1, 1, 1, 1, 0, 1, 1, 1, 1, 0, 0, 1, 1, -1, -1, -1, -1, 1, -1, -1, 1, -1, -1, -1, 1, -1, 1, -1, -1, -1, -1, -1, -1, -1, 1, -1, -1, -1, 1, -1]
