Solving formula #1
Answer: U
Max literals in a clause: 2
No satisfiable answer found for formula #1
Solving formula #2
Answer: S
Max literals in a clause: 2
Satisfiable answer found for formula #2
2 0 0 0 
Solving formula #3
Answer: U
Max literals in a clause: 2
No satisfiable answer found for formula #3
Solving formula #4
Answer: S
Max literals in a clause: 2
Satisfiable answer found for formula #4
0 2 2 1 
Solving formula #5
Answer: S
Max literals in a clause: 2
Satisfiable answer found for formula #5
2 2 0 0 
Solving formula #6
Answer: S
Max literals in a clause: 2
Satisfiable answer found for formula #6
0 0 2 0 
Solving formula #7
Answer: S
Max literals in a clause: 2
Satisfiable answer found for formula #7
2 2 2 1 
Solving formula #8
Answer: U
Max literals in a clause: 2
No satisfiable answer found for formula #8
Solving formula #9
Answer: U
Max literals in a clause: 2
No satisfiable answer found for formula #9
Solving formula #10
Answer: U
Max literals in a clause: 2
No satisfiable answer found for formula #10
Solving formula #11
Answer: U
Max literals in a clause: 2
No satisfiable answer found for formula #11
Solving formula #12
Answer: U
Max literals in a clause: 2
No satisfiable answer found for formula #12
Solving formula #13
Answer: S
Max literals in a clause: 2
Satisfiable answer found for formula #13
0 2 2 2 0 2 0 2 
Solving formula #14
Answer: S
Max literals in a clause: 2
Satisfiable answer found for formula #14
1 0 1 0 0 0 0 0 
Solving formula #15
Answer: U
Max literals in a clause: 2
No satisfiable answer found for formula #15
Solving formula #16
Answer: U
Max literals in a clause: 2
No satisfiable answer found for formula #16
Solving formula #17
Answer: S
Max literals in a clause: 2
Satisfiable answer found for formula #17
0 2 2 2 2 2 0 2 
Solving formula #18
Answer: U
Max literals in a clause: 2
No satisfiable answer found for formula #18
Solving formula #19
Answer: S
Max literals in a clause: 2
Satisfiable answer found for formula #19
2 0 2 2 1 0 0 2 
Solving formula #20
Answer: S
Max literals in a clause: 2
Satisfiable answer found for formula #20
0 0 0 2 0 0 0 0 
Solving formula #21
Answer: S
Max literals in a clause: 2
Satisfiable answer found for formula #21
0 0 0 2 0 0 0 2 2 0 0 2 
Solving formula #22
Answer: S
Max literals in a clause: 2
Satisfiable answer found for formula #22
2 1 1 1 2 2 2 0 0 0 2 2 
Solving formula #23
Answer: U
Max literals in a clause: 2
No satisfiable answer found for formula #23
Solving formula #24
Answer: U
Max literals in a clause: 2
No satisfiable answer found for formula #24
Solving formula #25
Answer: S
Max literals in a clause: 2
Satisfiable answer found for formula #25
0 1 0 0 0 2 0 0 2 2 2 1 
Solving formula #26
Answer: U
Max literals in a clause: 2
No satisfiable answer found for formula #26
Solving formula #27
Answer: U
Max literals in a clause: 2
No satisfiable answer found for formula #27
Solving formula #28
Answer: S
Max literals in a clause: 2
Satisfiable answer found for formula #28
0 2 0 1 0 2 2 0 2 0 0 0 
Solving formula #29
Answer: U
Max literals in a clause: 2
No satisfiable answer found for formula #29
Solving formula #30
Answer: S
Max literals in a clause: 2
Satisfiable answer found for formula #30
1 2 0 0 2 0 0 0 0 0 0 2 
Solving formula #31
Answer: S
Max literals in a clause: 2
Satisfiable answer found for formula #31
2 1 1 0 2 0 0 2 0 2 1 0 0 1 2 2 
Solving formula #32
Answer: U
Max literals in a clause: 2
No satisfiable answer found for formula #32
Solving formula #33
Answer: S
Max literals in a clause: 2
Satisfiable answer found for formula #33
2 0 1 0 1 0 1 0 0 0 1 2 0 0 0 0 
Solving formula #34
Answer: S
Max literals in a clause: 2
Satisfiable answer found for formula #34
0 0 0 0 0 2 2 1 2 0 1 0 0 2 0 0 
Solving formula #35
Answer: U
Max literals in a clause: 2
No satisfiable answer found for formula #35
Solving formula #36
Answer: S
Max literals in a clause: 2
Satisfiable answer found for formula #36
0 0 1 0 2 2 0 0 2 0 1 0 2 0 0 0 
Solving formula #37
Answer: U
Max literals in a clause: 2
No satisfiable answer found for formula #37
Solving formula #38
Answer: U
Max literals in a clause: 2
No satisfiable answer found for formula #38
Solving formula #39
Answer: S
Max literals in a clause: 2
Satisfiable answer found for formula #39
0 1 0 0 1 2 0 1 0 2 0 0 2 2 0 2 
Solving formula #40
Answer: U
Max literals in a clause: 2
No satisfiable answer found for formula #40
Solving formula #41
Answer: U
Max literals in a clause: 2
No satisfiable answer found for formula #41
Solving formula #42
Answer: U
Max literals in a clause: 2
No satisfiable answer found for formula #42
Solving formula #43
Answer: U
Max literals in a clause: 2
No satisfiable answer found for formula #43
Solving formula #44
Answer: U
Max literals in a clause: 2
No satisfiable answer found for formula #44
Solving formula #45
Answer: U
Max literals in a clause: 2
No satisfiable answer found for formula #45
Solving formula #46
Answer: U
Max literals in a clause: 2
No satisfiable answer found for formula #46
Solving formula #47
Answer: U
Max literals in a clause: 2
No satisfiable answer found for formula #47
Solving formula #48
Answer: S
Max literals in a clause: 2
Satisfiable answer found for formula #48
0 0 0 2 0 2 2 2 2 0 2 1 0 2 0 2 1 0 
Solving formula #49
Answer: U
Max literals in a clause: 2
No satisfiable answer found for formula #49
Solving formula #50
Answer: S
Max literals in a clause: 2
Satisfiable answer found for formula #50
2 1 0 0 0 2 2 2 0 2 0 1 2 2 0 2 2 2 
Solving formula #51
Answer: U
Max literals in a clause: 2
No satisfiable answer found for formula #51
Solving formula #52
Answer: U
Max literals in a clause: 2
No satisfiable answer found for formula #52
Solving formula #53
Answer: S
Max literals in a clause: 2
Satisfiable answer found for formula #53
2 2 0 2 2 0 0 1 2 1 2 2 0 2 0 2 0 2 0 0 
Solving formula #54
Answer: U
Max literals in a clause: 2
No satisfiable answer found for formula #54
Solving formula #55
Answer: U
Max literals in a clause: 2
No satisfiable answer found for formula #55
Solving formula #56
Answer: U
Max literals in a clause: 2
No satisfiable answer found for formula #56
Solving formula #57
Answer: U
Max literals in a clause: 2
No satisfiable answer found for formula #57
Solving formula #58
Answer: S
Max literals in a clause: 2
Satisfiable answer found for formula #58
0 0 1 1 1 0 2 0 2 1 2 0 1 2 0 0 0 0 0 2 
Solving formula #59
Answer: U
Max literals in a clause: 2
No satisfiable answer found for formula #59
Solving formula #60
Answer: S
Max literals in a clause: 2
Satisfiable answer found for formula #60
2 2 1 1 0 2 1 1 1 2 2 0 2 2 1 2 2 0 2 1 
Solving formula #61
Answer: S
Max literals in a clause: 2
Satisfiable answer found for formula #61
0 2 0 0 0 1 0 2 0 2 0 2 0 2 2 2 2 2 0 0 2 1 
Solving formula #62
Answer: U
Max literals in a clause: 2
No satisfiable answer found for formula #62
Solving formula #63
Answer: U
Max literals in a clause: 2
No satisfiable answer found for formula #63
Solving formula #64
Answer: U
Max literals in a clause: 2
No satisfiable answer found for formula #64
Solving formula #65
Answer: U
Max literals in a clause: 2
No satisfiable answer found for formula #65
Solving formula #66
Answer: U
Max literals in a clause: 2
No satisfiable answer found for formula #66
Solving formula #67
Answer: U
Max literals in a clause: 2
No satisfiable answer found for formula #67
Solving formula #68
Answer: U
Max literals in a clause: 2
No satisfiable answer found for formula #68
Solving formula #69
Answer: U
Max literals in a clause: 2
No satisfiable answer found for formula #69
Solving formula #70
Answer: U
Max literals in a clause: 2
No satisfiable answer found for formula #70
Solving formula #71
Answer: S
Max literals in a clause: 2
Satisfiable answer found for formula #71
2 2 0 0 2 0 0 0 0 2 1 2 1 0 2 0 1 0 0 2 2 2 2 2 
Solving formula #72
Answer: U
Max literals in a clause: 2
No satisfiable answer found for formula #72
Solving formula #73
Answer: U
Max literals in a clause: 2
No satisfiable answer found for formula #73
Solving formula #74
Answer: S
Max literals in a clause: 2
Satisfiable answer found for formula #74
2 0 0 0 2 0 2 0 0 2 2 1 0 0 1 1 2 2 0 2 0 2 0 0 
Solving formula #75
Answer: U
Max literals in a clause: 2
No satisfiable answer found for formula #75
Solving formula #76
Answer: U
Max literals in a clause: 2
No satisfiable answer found for formula #76
Solving formula #77
Answer: U
Max literals in a clause: 2
No satisfiable answer found for formula #77
Solving formula #78
Answer: U
Max literals in a clause: 2
No satisfiable answer found for formula #78
Solving formula #79
Answer: U
Max literals in a clause: 2
No satisfiable answer found for formula #79
Solving formula #80
Answer: S
Max literals in a clause: 2
Satisfiable answer found for formula #80
0 0 0 2 0 1 0 1 0 0 0 0 0 0 0 0 1 0 0 0 1 2 1 0 
Solving formula #81
Answer: U
Max literals in a clause: 3
No satisfiable answer found for formula #81
Solving formula #82
Answer: S
Max literals in a clause: 3
Satisfiable answer found for formula #82
0 2 2 2 
Solving formula #83
Answer: S
Max literals in a clause: 3
Satisfiable answer found for formula #83
1 0 0 2 
Solving formula #84
Answer: S
Max literals in a clause: 3
Satisfiable answer found for formula #84
0 0 0 2 
Solving formula #85
Answer: U
Max literals in a clause: 3
No satisfiable answer found for formula #85
Solving formula #86
Answer: S
Max literals in a clause: 3
Satisfiable answer found for formula #86
0 0 1 0 
Solving formula #87
Answer: U
Max literals in a clause: 3
No satisfiable answer found for formula #87
Solving formula #88
Answer: U
Max literals in a clause: 3
No satisfiable answer found for formula #88
Solving formula #89
Answer: U
Max literals in a clause: 3
No satisfiable answer found for formula #89
Solving formula #90
Answer: S
Max literals in a clause: 3
Satisfiable answer found for formula #90
0 1 0 2 
Solving formula #91
Answer: S
Max literals in a clause: 3
Satisfiable answer found for formula #91
2 0 0 0 0 2 1 0 
Solving formula #92
Answer: S
Max literals in a clause: 3
Satisfiable answer found for formula #92
2 2 2 2 0 2 2 2 
Solving formula #93
Answer: S
Max literals in a clause: 3
Satisfiable answer found for formula #93
0 1 2 0 2 0 0 2 
Solving formula #94
Answer: U
Max literals in a clause: 3
No satisfiable answer found for formula #94
Solving formula #95
Answer: U
Max literals in a clause: 3
No satisfiable answer found for formula #95
Solving formula #96
Answer: U
Max literals in a clause: 3
No satisfiable answer found for formula #96
Solving formula #97
Answer: U
Max literals in a clause: 3
No satisfiable answer found for formula #97
Solving formula #98
Answer: U
Max literals in a clause: 3
No satisfiable answer found for formula #98
Solving formula #99
Answer: U
Max literals in a clause: 3
No satisfiable answer found for formula #99
Solving formula #100
Answer: U
Max literals in a clause: 3
No satisfiable answer found for formula #100
Solving formula #101
Answer: U
Max literals in a clause: 3
No satisfiable answer found for formula #101
Solving formula #102
Answer: S
Max literals in a clause: 3
Satisfiable answer found for formula #102
0 2 2 0 2 0 2 2 2 2 2 2 
Solving formula #103
Answer: U
Max literals in a clause: 3
No satisfiable answer found for formula #103
Solving formula #104
Answer: S
Max literals in a clause: 3
Satisfiable answer found for formula #104
0 2 2 2 2 2 2 2 2 2 2 2 
Solving formula #105
Answer: U
Max literals in a clause: 3
No satisfiable answer found for formula #105
Solving formula #106
Answer: U
Max literals in a clause: 3
No satisfiable answer found for formula #106
Solving formula #107
Answer: U
Max literals in a clause: 3
No satisfiable answer found for formula #107
Solving formula #108
Answer: U
Max literals in a clause: 3
No satisfiable answer found for formula #108
Solving formula #109
Answer: S
Max literals in a clause: 3
Satisfiable answer found for formula #109
0 2 2 2 0 2 2 2 2 2 2 2 
Solving formula #110
Answer: U
Max literals in a clause: 3
No satisfiable answer found for formula #110
Solving formula #111
Answer: U
Max literals in a clause: 3
No satisfiable answer found for formula #111
Solving formula #112
Answer: S
Max literals in a clause: 3
Satisfiable answer found for formula #112
2 0 0 0 2 0 0 0 2 0 2 0 1 0 0 0 
Solving formula #113
Answer: U
Max literals in a clause: 3
No satisfiable answer found for formula #113
Solving formula #114
Answer: U
Max literals in a clause: 3
No satisfiable answer found for formula #114
Solving formula #115
Answer: U
Max literals in a clause: 3
No satisfiable answer found for formula #115
Solving formula #116
Answer: U
Max literals in a clause: 3
No satisfiable answer found for formula #116
Solving formula #117
Answer: U
Max literals in a clause: 3
No satisfiable answer found for formula #117
Solving formula #118
Answer: U
Max literals in a clause: 3
No satisfiable answer found for formula #118
Solving formula #119
Answer: U
Max literals in a clause: 3
No satisfiable answer found for formula #119
Solving formula #120
Answer: S
Max literals in a clause: 3
Satisfiable answer found for formula #120
1 2 1 0 1 1 0 2 2 0 0 0 0 2 0 0 
Solving formula #121
Answer: U
Max literals in a clause: 3
No satisfiable answer found for formula #121
Solving formula #122
Answer: U
Max literals in a clause: 3
No satisfiable answer found for formula #122
Solving formula #123
Answer: U
Max literals in a clause: 3
No satisfiable answer found for formula #123
Solving formula #124
Answer: U
Max literals in a clause: 3
No satisfiable answer found for formula #124
Solving formula #125
Answer: U
Max literals in a clause: 3
No satisfiable answer found for formula #125
Solving formula #126
Answer: S
Max literals in a clause: 3
Satisfiable answer found for formula #126
2 0 0 2 0 2 2 0 0 2 0 2 0 2 2 2 0 1 
Solving formula #127
Answer: S
Max literals in a clause: 3
Satisfiable answer found for formula #127
2 2 2 0 2 2 2 2 2 2 2 0 2 2 2 2 2 0 
Solving formula #128
Answer: S
Max literals in a clause: 3
Satisfiable answer found for formula #128
0 0 0 0 0 1 0 0 1 1 2 2 0 0 2 0 0 0 
Solving formula #129
Answer: U
Max literals in a clause: 3
No satisfiable answer found for formula #129
Solving formula #130
Answer: S
Max literals in a clause: 3
Satisfiable answer found for formula #130
2 0 0 0 0 2 0 0 0 1 0 2 2 2 0 2 0 2 
Solving formula #131
Answer: S
Max literals in a clause: 3
Satisfiable answer found for formula #131
0 0 1 2 0 2 2 0 0 2 0 0 2 1 2 0 0 0 2 0 
Solving formula #132
Answer: U
Max literals in a clause: 3
No satisfiable answer found for formula #132
Solving formula #133
Answer: S
Max literals in a clause: 3
Satisfiable answer found for formula #133
0 1 1 2 0 0 2 0 0 2 2 2 0 0 2 0 2 2 2 2 
Solving formula #134
Answer: U
Max literals in a clause: 3
No satisfiable answer found for formula #134
Solving formula #135
Answer: S
Max literals in a clause: 3
Satisfiable answer found for formula #135
0 0 2 0 0 0 2 0 0 0 0 1 2 2 2 2 0 0 2 0 
Solving formula #136
Answer: U
Max literals in a clause: 3
No satisfiable answer found for formula #136
Solving formula #137
Answer: U
Max literals in a clause: 3
No satisfiable answer found for formula #137
Solving formula #138
Answer: S
Max literals in a clause: 3
Satisfiable answer found for formula #138
0 2 1 0 1 0 1 2 0 2 0 2 0 0 0 0 0 0 0 0 
Solving formula #139
Answer: U
Max literals in a clause: 3
No satisfiable answer found for formula #139
Solving formula #140
Answer: U
Max literals in a clause: 3
No satisfiable answer found for formula #140
Solving formula #141
Answer: S
Max literals in a clause: 3
Satisfiable answer found for formula #141
0 0 0 1 1 0 2 2 0 0 0 2 2 2 2 2 2 0 2 2 2 0 
Solving formula #142
Answer: S
Max literals in a clause: 3
Satisfiable answer found for formula #142
0 1 2 0 1 0 2 0 2 0 2 2 2 0 2 2 2 0 0 2 0 0 
Solving formula #143
Answer: U
Max literals in a clause: 3
No satisfiable answer found for formula #143
Solving formula #144
Answer: U
Max literals in a clause: 3
No satisfiable answer found for formula #144
Solving formula #145
Answer: U
Max literals in a clause: 3
No satisfiable answer found for formula #145
Solving formula #146
Answer: U
Max literals in a clause: 3
No satisfiable answer found for formula #146
Solving formula #147
Answer: U
Max literals in a clause: 3
No satisfiable answer found for formula #147
Solving formula #148
Answer: U
Max literals in a clause: 3
No satisfiable answer found for formula #148
Solving formula #149
Answer: S
Max literals in a clause: 3
Satisfiable answer found for formula #149
0 0 2 2 0 0 2 1 2 0 0 2 2 0 2 0 0 0 2 2 2 2 
Solving formula #150
Answer: S
Max literals in a clause: 3
Satisfiable answer found for formula #150
1 2 0 0 2 0 2 2 2 2 0 0 0 0 2 0 2 0 2 2 2 2 
Solving formula #151
Answer: U
Max literals in a clause: 3
No satisfiable answer found for formula #151
Solving formula #152
Answer: U
Max literals in a clause: 3
No satisfiable answer found for formula #152
Solving formula #153
Answer: U
Max literals in a clause: 3
No satisfiable answer found for formula #153
Solving formula #154
Answer: U
Max literals in a clause: 3
No satisfiable answer found for formula #154
Solving formula #155
Answer: U
Max literals in a clause: 3
No satisfiable answer found for formula #155
Solving formula #156
Answer: U
Max literals in a clause: 3
No satisfiable answer found for formula #156
Solving formula #157
Answer: U
Max literals in a clause: 3
No satisfiable answer found for formula #157
Solving formula #158
Answer: U
Max literals in a clause: 3
No satisfiable answer found for formula #158
Solving formula #159
Answer: U
Max literals in a clause: 3
No satisfiable answer found for formula #159
Solving formula #160
Answer: U
Max literals in a clause: 3
No satisfiable answer found for formula #160
Solving formula #161
Answer: S
Max literals in a clause: 4
Satisfiable answer found for formula #161
0 0 0 1 
Solving formula #162
Answer: U
Max literals in a clause: 4
No satisfiable answer found for formula #162
Solving formula #163
Answer: U
Max literals in a clause: 4
No satisfiable answer found for formula #163
Solving formula #164
Answer: S
Max literals in a clause: 4
Satisfiable answer found for formula #164
1 0 1 0 
Solving formula #165
Answer: S
Max literals in a clause: 4
Satisfiable answer found for formula #165
0 0 2 0 
Solving formula #166
Answer: S
Max literals in a clause: 4
Satisfiable answer found for formula #166
0 0 0 0 
Solving formula #167
Answer: S
Max literals in a clause: 4
Satisfiable answer found for formula #167
2 2 0 2 
Solving formula #168
Answer: S
Max literals in a clause: 4
Satisfiable answer found for formula #168
0 0 2 2 
Solving formula #169
Answer: S
Max literals in a clause: 4
Satisfiable answer found for formula #169
0 0 0 0 
Solving formula #170
Answer: S
Max literals in a clause: 4
Satisfiable answer found for formula #170
1 0 2 2 
Solving formula #171
Answer: S
Max literals in a clause: 4
Satisfiable answer found for formula #171
0 1 0 2 0 0 2 1 
Solving formula #172
Answer: S
Max literals in a clause: 4
Satisfiable answer found for formula #172
0 2 0 2 2 2 2 2 
Solving formula #173
Answer: S
Max literals in a clause: 4
Satisfiable answer found for formula #173
2 0 0 2 2 0 2 2 
Solving formula #174
Answer: S
Max literals in a clause: 4
Satisfiable answer found for formula #174
0 1 0 0 2 0 2 2 
Solving formula #175
Answer: S
Max literals in a clause: 4
Satisfiable answer found for formula #175
0 0 2 2 2 2 2 2 
Solving formula #176
Answer: U
Max literals in a clause: 4
No satisfiable answer found for formula #176
Solving formula #177
Answer: U
Max literals in a clause: 4
No satisfiable answer found for formula #177
Solving formula #178
Answer: S
Max literals in a clause: 4
Satisfiable answer found for formula #178
0 0 0 0 0 1 0 0 
Solving formula #179
Answer: U
Max literals in a clause: 4
No satisfiable answer found for formula #179
Solving formula #180
Answer: U
Max literals in a clause: 4
No satisfiable answer found for formula #180
Solving formula #181
Answer: S
Max literals in a clause: 4
Satisfiable answer found for formula #181
1 1 1 1 0 0 0 0 2 0 2 0 
Solving formula #182
Answer: S
Max literals in a clause: 4
Satisfiable answer found for formula #182
2 0 0 0 2 1 2 2 0 0 2 0 
Solving formula #183
Answer: S
Max literals in a clause: 4
Satisfiable answer found for formula #183
0 2 0 0 1 2 2 0 0 2 0 0 
Solving formula #184
Answer: U
Max literals in a clause: 4
No satisfiable answer found for formula #184
Solving formula #185
Answer: S
Max literals in a clause: 4
Satisfiable answer found for formula #185
2 2 0 1 2 1 2 0 0 0 0 0 
Solving formula #186
Answer: S
Max literals in a clause: 4
Satisfiable answer found for formula #186
0 0 1 0 0 0 0 0 0 0 0 2 
Solving formula #187
Answer: U
Max literals in a clause: 4
No satisfiable answer found for formula #187
Solving formula #188
Answer: U
Max literals in a clause: 4
No satisfiable answer found for formula #188
Solving formula #189
Answer: U
Max literals in a clause: 4
No satisfiable answer found for formula #189
Solving formula #190
Answer: U
Max literals in a clause: 4
No satisfiable answer found for formula #190
Solving formula #191
Answer: S
Max literals in a clause: 4
Satisfiable answer found for formula #191
0 1 1 0 0 2 0 0 0 0 1 1 0 0 0 0 
Solving formula #192
Answer: U
Max literals in a clause: 4
No satisfiable answer found for formula #192
Solving formula #193
Answer: U
Max literals in a clause: 4
No satisfiable answer found for formula #193
Solving formula #194
Answer: S
Max literals in a clause: 4
Satisfiable answer found for formula #194
2 0 0 0 2 0 2 2 2 0 2 2 2 2 0 2 
Solving formula #195
Answer: S
Max literals in a clause: 4
Satisfiable answer found for formula #195
0 0 0 0 0 0 0 0 0 0 2 0 1 2 0 2 
Solving formula #196
Answer: U
Max literals in a clause: 4
No satisfiable answer found for formula #196
Solving formula #197
Answer: U
Max literals in a clause: 4
No satisfiable answer found for formula #197
Solving formula #198
Answer: U
Max literals in a clause: 4
No satisfiable answer found for formula #198
Solving formula #199
Answer: S
Max literals in a clause: 4
Satisfiable answer found for formula #199
2 0 2 0 0 2 0 0 2 0 0 0 0 2 0 2 
Solving formula #200
Answer: S
Max literals in a clause: 4
Satisfiable answer found for formula #200
2 2 0 2 0 2 2 0 2 2 2 2 2 2 2 2 
Solving formula #201
Answer: S
Max literals in a clause: 4
Satisfiable answer found for formula #201
0 2 0 0 2 0 1 1 0 0 1 0 0 0 0 0 0 0 
Solving formula #202
Answer: U
Max literals in a clause: 4
No satisfiable answer found for formula #202
Solving formula #203
Answer: S
Max literals in a clause: 4
Satisfiable answer found for formula #203
2 0 1 2 0 0 2 0 2 1 0 2 1 0 2 2 0 1 
Solving formula #204
Answer: U
Max literals in a clause: 4
No satisfiable answer found for formula #204
Solving formula #205
Answer: U
Max literals in a clause: 4
No satisfiable answer found for formula #205
Solving formula #206
Answer: S
Max literals in a clause: 4
Satisfiable answer found for formula #206
0 2 0 1 2 1 0 2 0 0 0 2 2 2 0 2 0 2 
Solving formula #207
Answer: U
Max literals in a clause: 4
No satisfiable answer found for formula #207
Solving formula #208
Answer: S
Max literals in a clause: 4
Satisfiable answer found for formula #208
2 2 1 2 0 0 2 0 2 0 1 2 2 2 0 0 0 2 
Solving formula #209
Answer: U
Max literals in a clause: 4
No satisfiable answer found for formula #209
Solving formula #210
Answer: U
Max literals in a clause: 4
No satisfiable answer found for formula #210
Solving formula #211
Answer: S
Max literals in a clause: 4
Satisfiable answer found for formula #211
1 0 0 0 2 0 2 1 1 0 0 0 0 2 0 1 0 0 0 2 
Solving formula #212
Answer: U
Max literals in a clause: 4
No satisfiable answer found for formula #212
Solving formula #213
Answer: S
Max literals in a clause: 4
Satisfiable answer found for formula #213
0 0 0 0 1 2 0 0 2 0 2 2 0 1 0 1 2 2 0 2 
Solving formula #214
Answer: S
Max literals in a clause: 4
Satisfiable answer found for formula #214
1 2 2 2 2 2 0 0 2 2 0 2 0 2 0 2 2 0 0 2 
Solving formula #215
Answer: U
Max literals in a clause: 4
No satisfiable answer found for formula #215
Solving formula #216
Answer: U
Max literals in a clause: 4
No satisfiable answer found for formula #216
Solving formula #217
Answer: S
Max literals in a clause: 4
Satisfiable answer found for formula #217
1 1 2 2 1 0 1 2 0 0 0 2 0 2 2 0 2 2 2 2 
Solving formula #218
Answer: U
Max literals in a clause: 4
No satisfiable answer found for formula #218
Solving formula #219
Answer: S
Max literals in a clause: 4
Satisfiable answer found for formula #219
1 1 0 2 0 0 1 0 0 1 0 0 0 2 0 2 0 2 0 2 
Solving formula #220
Answer: U
Max literals in a clause: 4
No satisfiable answer found for formula #220
Solving formula #221
Answer: U
Max literals in a clause: 4
No satisfiable answer found for formula #221
Solving formula #222
Answer: U
Max literals in a clause: 4
No satisfiable answer found for formula #222
Solving formula #223
Answer: S
Max literals in a clause: 4
Satisfiable answer found for formula #223
1 0 2 2 2 1 0 0 0 0 2 2 2 2 0 2 2 0 0 0 0 2 
Solving formula #224
Answer: U
Max literals in a clause: 4
No satisfiable answer found for formula #224
Solving formula #225
Answer: S
Max literals in a clause: 4
Satisfiable answer found for formula #225
0 2 0 2 1 1 2 0 1 1 0 0 0 0 0 0 2 0 0 0 0 0 
Solving formula #226
Answer: U
Max literals in a clause: 4
No satisfiable answer found for formula #226
Solving formula #227
Answer: S
Max literals in a clause: 4
Satisfiable answer found for formula #227
2 0 1 2 2 0 2 0 1 0 1 1 0 0 0 0 0 2 0 2 0 2 
Solving formula #228
Answer: U
Max literals in a clause: 4
No satisfiable answer found for formula #228
Solving formula #229
Answer: S
Max literals in a clause: 4
Satisfiable answer found for formula #229
2 1 0 0 2 1 0 0 2 0 2 2 0 1 1 0 0 2 2 0 2 0 
Solving formula #230
Answer: U
Max literals in a clause: 4
No satisfiable answer found for formula #230
Solving formula #231
Answer: U
Max literals in a clause: 4
No satisfiable answer found for formula #231
Solving formula #232
Answer: S
Max literals in a clause: 4
Satisfiable answer found for formula #232
0 0 0 1 2 1 2 0 2 0 0 0 0 2 2 2 0 0 2 0 0 0 0 2 
Solving formula #233
Answer: U
Max literals in a clause: 4
No satisfiable answer found for formula #233
Solving formula #234
Answer: S
Max literals in a clause: 4
Satisfiable answer found for formula #234
0 0 2 2 2 1 0 0 0 2 2 0 0 2 1 2 0 2 2 2 0 2 0 2 
Solving formula #235
Answer: S
Max literals in a clause: 4
Satisfiable answer found for formula #235
0 2 2 0 2 0 2 0 1 0 0 0 1 2 0 2 0 0 2 0 2 2 2 0 
Solving formula #236
Answer: U
Max literals in a clause: 4
No satisfiable answer found for formula #236
Solving formula #237
Answer: S
Max literals in a clause: 4
Satisfiable answer found for formula #237
0 0 0 0 2 0 1 0 2 0 2 0 0 2 2 0 0 1 1 2 0 2 0 2 
Solving formula #238
Answer: S
Max literals in a clause: 4
Satisfiable answer found for formula #238
0 0 0 0 0 2 1 0 0 0 0 2 0 2 0 0 1 0 0 0 2 0 2 2 
Solving formula #239
Answer: U
Max literals in a clause: 4
No satisfiable answer found for formula #239
Solving formula #240
Answer: S
Max literals in a clause: 4
Satisfiable answer found for formula #240
2 2 1 0 2 0 1 0 2 2 1 1 0 0 0 0 0 0 0 1 0 0 0 2 
Solving formula #241
Answer: S
Max literals in a clause: 5
Satisfiable answer found for formula #241
2 0 2 0 
Solving formula #242
Answer: S
Max literals in a clause: 5
Satisfiable answer found for formula #242
2 2 2 2 
Solving formula #243
Answer: S
Max literals in a clause: 5
Satisfiable answer found for formula #243
0 0 0 2 
Solving formula #244
Answer: S
Max literals in a clause: 5
Satisfiable answer found for formula #244
2 2 2 2 
Solving formula #245
Answer: S
Max literals in a clause: 5
Satisfiable answer found for formula #245
0 0 2 2 
Solving formula #246
Answer: S
Max literals in a clause: 5
Satisfiable answer found for formula #246
2 2 2 2 
Solving formula #247
Answer: S
Max literals in a clause: 5
Satisfiable answer found for formula #247
1 2 0 2 
Solving formula #248
Answer: S
Max literals in a clause: 5
Satisfiable answer found for formula #248
0 0 0 0 
Solving formula #249
Answer: S
Max literals in a clause: 5
Satisfiable answer found for formula #249
2 0 0 2 
Solving formula #250
Answer: S
Max literals in a clause: 5
Satisfiable answer found for formula #250
2 2 2 2 
Solving formula #251
Answer: S
Max literals in a clause: 5
Satisfiable answer found for formula #251
0 0 2 2 2 0 2 2 
Solving formula #252
Answer: S
Max literals in a clause: 5
Satisfiable answer found for formula #252
0 0 2 2 2 2 2 2 
Solving formula #253
Answer: S
Max literals in a clause: 5
Satisfiable answer found for formula #253
2 0 0 0 0 0 0 0 
Solving formula #254
Answer: S
Max literals in a clause: 5
Satisfiable answer found for formula #254
2 0 2 0 2 0 2 2 
Solving formula #255
Answer: S
Max literals in a clause: 5
Satisfiable answer found for formula #255
2 0 2 2 2 0 2 2 
Solving formula #256
Answer: S
Max literals in a clause: 5
Satisfiable answer found for formula #256
2 2 0 2 2 2 2 2 
Solving formula #257
Answer: S
Max literals in a clause: 5
Satisfiable answer found for formula #257
0 0 2 2 2 2 0 2 
Solving formula #258
Answer: S
Max literals in a clause: 5
Satisfiable answer found for formula #258
2 0 2 0 2 2 2 0 
Solving formula #259
Answer: S
Max literals in a clause: 5
Satisfiable answer found for formula #259
2 2 2 2 2 2 0 2 
Solving formula #260
Answer: S
Max literals in a clause: 5
Satisfiable answer found for formula #260
2 2 2 2 2 2 2 0 
Solving formula #261
Answer: S
Max literals in a clause: 5
Satisfiable answer found for formula #261
0 0 0 0 0 0 0 2 0 2 1 0 
Solving formula #262
Answer: S
Max literals in a clause: 5
Satisfiable answer found for formula #262
0 2 2 2 2 0 2 2 2 2 2 2 
Solving formula #263
Answer: S
Max literals in a clause: 5
Satisfiable answer found for formula #263
0 0 2 2 2 0 0 2 2 2 0 2 
Solving formula #264
Answer: S
Max literals in a clause: 5
Satisfiable answer found for formula #264
0 0 0 2 0 0 0 2 2 0 2 2 
Solving formula #265
Answer: S
Max literals in a clause: 5
Satisfiable answer found for formula #265
0 1 0 0 0 2 0 0 2 2 2 0 
Solving formula #266
Answer: S
Max literals in a clause: 5
Satisfiable answer found for formula #266
0 0 0 0 2 2 1 0 0 2 0 0 
Solving formula #267
Answer: S
Max literals in a clause: 5
Satisfiable answer found for formula #267
1 0 0 0 0 0 2 2 2 0 2 2 
Solving formula #268
Answer: S
Max literals in a clause: 5
Satisfiable answer found for formula #268
2 2 2 2 2 0 2 0 0 2 2 2 
Solving formula #269
Answer: S
Max literals in a clause: 5
Satisfiable answer found for formula #269
2 0 2 2 2 2 2 2 2 2 2 2 
Solving formula #270
Answer: S
Max literals in a clause: 5
Satisfiable answer found for formula #270
0 0 0 1 0 0 0 2 2 0 0 0 
Solving formula #271
Answer: S
Max literals in a clause: 5
Satisfiable answer found for formula #271
2 2 0 2 0 0 2 2 2 2 2 2 2 2 2 2 
Solving formula #272
Answer: S
Max literals in a clause: 5
Satisfiable answer found for formula #272
0 0 0 0 0 0 0 0 0 0 2 2 0 0 0 2 
Solving formula #273
Answer: S
Max literals in a clause: 5
Satisfiable answer found for formula #273
0 2 0 0 2 0 2 0 2 2 2 2 2 0 0 0 
Solving formula #274
Answer: S
Max literals in a clause: 5
Satisfiable answer found for formula #274
0 0 0 0 0 0 1 0 0 0 2 0 2 0 0 2 
Solving formula #275
Answer: S
Max literals in a clause: 5
Satisfiable answer found for formula #275
0 1 0 0 0 2 2 0 0 0 1 2 2 0 2 0 
Solving formula #276
Answer: S
Max literals in a clause: 5
Satisfiable answer found for formula #276
0 0 0 0 0 0 2 0 2 0 2 0 2 0 0 2 
Solving formula #277
Answer: S
Max literals in a clause: 5
Satisfiable answer found for formula #277
2 0 2 0 0 2 2 0 2 2 2 2 2 2 2 2 
Solving formula #278
Answer: S
Max literals in a clause: 5
Satisfiable answer found for formula #278
0 2 0 2 2 0 0 2 2 2 2 2 0 2 0 2 
Solving formula #279
Answer: S
Max literals in a clause: 5
Satisfiable answer found for formula #279
2 0 2 2 2 0 2 2 2 2 2 2 2 2 0 0 
Solving formula #280
Answer: S
Max literals in a clause: 5
Satisfiable answer found for formula #280
0 0 1 0 0 0 2 0 0 0 0 0 2 2 2 0 
Solving formula #281
Answer: S
Max literals in a clause: 5
Satisfiable answer found for formula #281
2 0 2 2 2 2 0 0 2 2 2 2 0 0 0 2 2 2 
Solving formula #282
Answer: S
Max literals in a clause: 5
Satisfiable answer found for formula #282
1 0 0 1 0 0 0 1 0 0 0 0 0 2 0 0 2 0 
Solving formula #283
Answer: S
Max literals in a clause: 5
Satisfiable answer found for formula #283
0 0 0 0 0 0 0 2 0 1 2 0 2 0 2 0 0 0 
Solving formula #284
Answer: S
Max literals in a clause: 5
Satisfiable answer found for formula #284
2 0 0 0 0 0 2 0 2 2 0 2 0 0 2 0 0 0 
Solving formula #285
Answer: S
Max literals in a clause: 5
Satisfiable answer found for formula #285
0 0 0 2 0 0 0 2 2 0 0 0 2 2 2 2 0 0 
Solving formula #286
Answer: S
Max literals in a clause: 5
Satisfiable answer found for formula #286
1 0 0 0 0 0 2 0 0 0 0 2 2 0 0 0 2 2 
Solving formula #287
Answer: S
Max literals in a clause: 5
Satisfiable answer found for formula #287
0 0 0 1 0 0 2 0 1 0 1 0 0 2 0 0 2 0 
Solving formula #288
Answer: S
Max literals in a clause: 5
Satisfiable answer found for formula #288
0 2 0 0 2 0 0 0 2 1 0 2 2 0 2 2 2 0 
Solving formula #289
Answer: S
Max literals in a clause: 5
Satisfiable answer found for formula #289
0 0 0 2 2 0 2 2 2 2 2 0 1 2 2 0 2 0 
Solving formula #290
Answer: S
Max literals in a clause: 5
Satisfiable answer found for formula #290
2 0 2 2 0 2 2 2 2 2 2 2 2 0 2 2 0 2 
Solving formula #291
Answer: S
Max literals in a clause: 5
Satisfiable answer found for formula #291
0 0 2 0 0 2 0 0 0 0 2 0 2 2 2 2 2 2 0 2 
Solving formula #292
Answer: S
Max literals in a clause: 5
Satisfiable answer found for formula #292
1 0 1 0 2 0 0 0 1 0 0 0 0 0 2 0 2 0 0 2 
Solving formula #293
Answer: S
Max literals in a clause: 5
Satisfiable answer found for formula #293
0 2 0 2 0 2 2 2 2 2 2 2 2 2 2 0 2 2 2 2 
Solving formula #294
Answer: S
Max literals in a clause: 5
Satisfiable answer found for formula #294
0 2 0 0 2 2 2 2 2 0 2 2 2 2 2 2 2 2 0 2 
Solving formula #295
Answer: S
Max literals in a clause: 5
Satisfiable answer found for formula #295
0 0 2 0 0 0 2 2 2 0 0 0 0 2 2 0 0 2 2 2 
Solving formula #296
Answer: S
Max literals in a clause: 5
Satisfiable answer found for formula #296
1 0 0 0 2 0 1 1 0 0 0 0 2 0 2 0 2 2 1 0 
Solving formula #297
Answer: S
Max literals in a clause: 5
Satisfiable answer found for formula #297
0 2 2 1 2 0 1 2 2 0 0 0 0 0 0 0 1 0 2 0 
Solving formula #298
Answer: S
Max literals in a clause: 5
Satisfiable answer found for formula #298
2 2 2 2 2 2 2 0 2 2 0 2 2 2 2 2 2 2 2 2 
Solving formula #299
Answer: S
Max literals in a clause: 5
Satisfiable answer found for formula #299
2 0 0 2 2 2 2 2 2 2 2 2 2 2 2 2 2 0 2 2 
Solving formula #300
Answer: S
Max literals in a clause: 5
Satisfiable answer found for formula #300
0 0 0 0 2 2 0 2 2 0 2 2 2 2 2 2 2 2 2 2 
Solving formula #301
Answer: S
Max literals in a clause: 5
Satisfiable answer found for formula #301
0 2 0 0 0 1 0 0 2 1 0 2 0 0 0 2 2 2 2 0 2 2 
Solving formula #302
Answer: S
Max literals in a clause: 5
Satisfiable answer found for formula #302
2 0 2 2 2 2 2 0 0 2 2 0 2 2 2 2 2 0 2 0 2 2 
Solving formula #303
Answer: S
Max literals in a clause: 5
Satisfiable answer found for formula #303
0 0 1 1 0 2 0 0 0 0 0 2 2 0 0 0 0 2 0 2 2 2 
Solving formula #304
Answer: S
Max literals in a clause: 5
Satisfiable answer found for formula #304
0 0 0 1 0 0 0 1 0 0 0 0 0 0 2 0 0 0 0 0 0 0 
Solving formula #305
Answer: S
Max literals in a clause: 5
Satisfiable answer found for formula #305
0 0 2 0 1 0 0 2 2 0 0 0 0 2 0 0 2 2 2 2 0 2 
Solving formula #306
Answer: S
Max literals in a clause: 5
Satisfiable answer found for formula #306
0 1 0 0 0 0 0 0 0 0 0 1 2 0 0 0 0 0 0 0 0 0 
Solving formula #307
Answer: S
Max literals in a clause: 5
Satisfiable answer found for formula #307
2 2 0 2 2 2 2 2 2 0 2 2 2 0 2 0 2 2 2 2 2 2 
Solving formula #308
Answer: S
Max literals in a clause: 5
Satisfiable answer found for formula #308
0 0 0 0 0 0 0 0 2 2 2 0 2 0 2 2 0 0 2 2 0 2 
Solving formula #309
Answer: S
Max literals in a clause: 5
Satisfiable answer found for formula #309
2 2 2 0 0 2 2 2 0 0 2 2 2 0 0 2 2 2 2 2 2 2 
Solving formula #310
Answer: S
Max literals in a clause: 5
Satisfiable answer found for formula #310
0 0 0 2 2 0 2 2 2 0 2 0 2 2 2 2 2 0 0 2 2 2 
Solving formula #311
Answer: S
Max literals in a clause: 5
Satisfiable answer found for formula #311
2 0 0 0 0 2 2 0 0 0 2 0 2 2 0 2 2 2 2 2 2 2 2 0 
Solving formula #312
Answer: S
Max literals in a clause: 5
Satisfiable answer found for formula #312
0 0 0 0 0 0 0 0 0 2 2 0 2 0 2 2 0 2 2 2 2 2 2 2 
Solving formula #313
Answer: S
Max literals in a clause: 5
Satisfiable answer found for formula #313
2 2 2 2 0 2 2 2 0 2 2 2 2 2 2 2 2 2 2 2 2 2 2 2 
Solving formula #314
Answer: S
Max literals in a clause: 5
Satisfiable answer found for formula #314
2 0 0 0 0 0 0 1 0 0 0 2 0 1 0 2 1 0 2 2 0 0 2 2 
Solving formula #315
Answer: S
Max literals in a clause: 5
Satisfiable answer found for formula #315
0 0 0 0 2 0 0 0 2 0 0 2 0 2 2 0 2 2 2 2 0 0 0 0 
Solving formula #316
Answer: S
Max literals in a clause: 5
Satisfiable answer found for formula #316
2 2 2 0 2 2 0 0 2 2 2 2 2 2 2 2 0 0 2 0 2 2 2 0 
Solving formula #317
Answer: S
Max literals in a clause: 5
Satisfiable answer found for formula #317
0 0 0 0 2 0 2 0 2 0 0 0 2 0 1 0 2 2 2 0 2 2 0 2 
Solving formula #318
Answer: S
Max literals in a clause: 5
Satisfiable answer found for formula #318
2 0 1 0 0 2 2 0 0 0 0 2 1 2 2 0 0 0 2 0 0 0 2 2 
Solving formula #319
Answer: S
Max literals in a clause: 5
Satisfiable answer found for formula #319
2 0 2 0 0 2 0 2 2 0 2 2 2 2 2 2 2 2 2 2 0 2 2 2 
Solving formula #320
Answer: S
Max literals in a clause: 5
Satisfiable answer found for formula #320
2 0 2 1 2 0 0 2 0 0 0 2 0 0 2 2 2 0 2 2 2 2 2 0 
Solving formula #321
Answer: S
Max literals in a clause: 6
Satisfiable answer found for formula #321
2 2 2 2 
Solving formula #322
Answer: S
Max literals in a clause: 6
Satisfiable answer found for formula #322
2 2 0 2 
Solving formula #323
Answer: S
Max literals in a clause: 6
Satisfiable answer found for formula #323
2 2 2 2 
Solving formula #324
Answer: S
Max literals in a clause: 6
Satisfiable answer found for formula #324
2 2 2 2 
Solving formula #325
Answer: S
Max literals in a clause: 6
Satisfiable answer found for formula #325
2 0 2 0 
Solving formula #326
Answer: S
Max literals in a clause: 6
Satisfiable answer found for formula #326
2 2 2 2 
Solving formula #327
Answer: S
Max literals in a clause: 6
Satisfiable answer found for formula #327
2 2 2 2 
Solving formula #328
Answer: S
Max literals in a clause: 6
Satisfiable answer found for formula #328
2 2 2 2 
Solving formula #329
Answer: S
Max literals in a clause: 6
Satisfiable answer found for formula #329
2 2 2 2 
Solving formula #330
Answer: S
Max literals in a clause: 6
Satisfiable answer found for formula #330
2 2 0 2 
Solving formula #331
Answer: S
Max literals in a clause: 6
Satisfiable answer found for formula #331
0 2 2 2 2 2 2 2 
Solving formula #332
Answer: S
Max literals in a clause: 6
Satisfiable answer found for formula #332
2 2 2 2 2 0 2 2 
Solving formula #333
Answer: S
Max literals in a clause: 6
Satisfiable answer found for formula #333
0 0 0 2 2 2 2 2 
Solving formula #334
Answer: S
Max literals in a clause: 6
Satisfiable answer found for formula #334
2 0 0 2 2 2 2 2 
Solving formula #335
Answer: S
Max literals in a clause: 6
Satisfiable answer found for formula #335
2 0 0 2 2 2 0 2 
Solving formula #336
Answer: S
Max literals in a clause: 6
Satisfiable answer found for formula #336
2 2 2 2 2 2 0 2 
Solving formula #337
Answer: S
Max literals in a clause: 6
Satisfiable answer found for formula #337
2 2 2 2 2 2 2 2 
Solving formula #338
Answer: S
Max literals in a clause: 6
Satisfiable answer found for formula #338
2 0 2 2 0 2 2 2 
Solving formula #339
Answer: S
Max literals in a clause: 6
Satisfiable answer found for formula #339
2 0 0 2 2 2 2 2 
Solving formula #340
Answer: S
Max literals in a clause: 6
Satisfiable answer found for formula #340
0 2 2 2 0 2 2 2 
Solving formula #341
Answer: S
Max literals in a clause: 6
Satisfiable answer found for formula #341
0 2 0 2 2 2 2 2 2 2 2 2 
Solving formula #342
Answer: S
Max literals in a clause: 6
Satisfiable answer found for formula #342
2 2 0 2 2 2 0 2 2 2 2 2 
Solving formula #343
Answer: S
Max literals in a clause: 6
Satisfiable answer found for formula #343
0 2 2 0 0 0 0 2 2 2 2 2 
Solving formula #344
Answer: S
Max literals in a clause: 6
Satisfiable answer found for formula #344
0 0 2 2 2 0 0 2 2 2 2 2 
Solving formula #345
Answer: S
Max literals in a clause: 6
Satisfiable answer found for formula #345
2 0 0 0 0 2 2 2 2 2 0 2 
Solving formula #346
Answer: S
Max literals in a clause: 6
Satisfiable answer found for formula #346
2 2 2 2 2 2 2 2 2 2 0 2 
Solving formula #347
Answer: S
Max literals in a clause: 6
Satisfiable answer found for formula #347
2 2 2 2 2 2 2 2 2 2 2 2 
Solving formula #348
Answer: S
Max literals in a clause: 6
Satisfiable answer found for formula #348
2 2 0 0 2 2 2 2 2 2 2 2 
Solving formula #349
Answer: S
Max literals in a clause: 6
Satisfiable answer found for formula #349
2 0 0 2 2 2 0 2 2 2 2 2 
Solving formula #350
Answer: S
Max literals in a clause: 6
Satisfiable answer found for formula #350
2 2 2 2 2 2 2 2 2 2 2 2 
Solving formula #351
Answer: S
Max literals in a clause: 6
Satisfiable answer found for formula #351
2 2 2 2 2 2 2 2 2 2 2 2 2 2 2 0 
Solving formula #352
Answer: S
Max literals in a clause: 6
Satisfiable answer found for formula #352
0 2 0 0 0 2 2 2 2 0 0 2 0 0 2 2 
Solving formula #353
Answer: S
Max literals in a clause: 6
Satisfiable answer found for formula #353
0 2 2 2 2 2 2 2 2 2 2 2 2 2 0 2 
Solving formula #354
Answer: S
Max literals in a clause: 6
Satisfiable answer found for formula #354
0 2 2 0 2 0 2 2 2 2 2 2 2 2 2 2 
Solving formula #355
Answer: S
Max literals in a clause: 6
Satisfiable answer found for formula #355
2 0 2 2 0 0 2 2 2 2 2 2 2 2 2 2 
Solving formula #356
Answer: S
Max literals in a clause: 6
Satisfiable answer found for formula #356
2 0 0 0 2 0 0 0 2 2 0 2 0 2 2 2 
Solving formula #357
Answer: S
Max literals in a clause: 6
Satisfiable answer found for formula #357
0 2 0 0 2 2 2 2 2 2 2 0 0 2 2 0 
Solving formula #358
Answer: S
Max literals in a clause: 6
Satisfiable answer found for formula #358
0 2 0 2 2 0 2 2 0 0 1 0 0 2 2 2 
Solving formula #359
Answer: S
Max literals in a clause: 6
Satisfiable answer found for formula #359
0 2 0 0 2 2 2 2 2 2 2 2 0 2 2 2 
Solving formula #360
Answer: S
Max literals in a clause: 6
Satisfiable answer found for formula #360
0 0 2 2 2 2 0 2 2 2 2 2 2 2 0 2 
Solving formula #361
Answer: S
Max literals in a clause: 6
Satisfiable answer found for formula #361
2 2 2 2 2 2 0 2 2 2 0 2 2 2 2 2 2 2 
Solving formula #362
Answer: S
Max literals in a clause: 6
Satisfiable answer found for formula #362
2 2 2 2 2 2 2 2 0 2 0 2 2 2 2 2 2 2 
Solving formula #363
Answer: S
Max literals in a clause: 6
Satisfiable answer found for formula #363
2 2 2 2 0 2 2 2 2 2 2 2 2 2 2 2 2 0 
Solving formula #364
Answer: S
Max literals in a clause: 6
Satisfiable answer found for formula #364
2 2 0 2 2 2 2 2 2 2 2 2 2 2 2 2 2 2 
Solving formula #365
Answer: S
Max literals in a clause: 6
Satisfiable answer found for formula #365
2 0 2 2 2 0 0 0 0 0 0 2 0 0 0 2 2 0 
Solving formula #366
Answer: S
Max literals in a clause: 6
Satisfiable answer found for formula #366
2 2 0 2 2 2 2 0 2 2 2 2 2 2 2 2 2 0 
Solving formula #367
Answer: S
Max literals in a clause: 6
Satisfiable answer found for formula #367
2 0 2 2 2 2 2 2 2 0 2 2 2 2 2 2 2 2 
Solving formula #368
Answer: S
Max literals in a clause: 6
Satisfiable answer found for formula #368
2 2 2 2 2 2 2 2 2 0 2 2 2 2 2 2 2 2 
Solving formula #369
Answer: S
Max literals in a clause: 6
Satisfiable answer found for formula #369
2 0 0 2 2 2 2 2 2 2 2 2 2 2 2 2 2 2 
Solving formula #370
Answer: S
Max literals in a clause: 6
Satisfiable answer found for formula #370
0 2 2 2 2 2 2 2 2 2 2 2 2 2 2 0 2 2 
Solving formula #371
Answer: S
Max literals in a clause: 6
Satisfiable answer found for formula #371
0 2 0 2 2 0 2 2 2 0 2 2 2 2 2 0 2 0 2 2 
Solving formula #372
Answer: S
Max literals in a clause: 6
Satisfiable answer found for formula #372
2 0 2 0 0 0 2 0 0 2 2 2 2 2 2 0 2 2 2 2 
Solving formula #373
Answer: S
Max literals in a clause: 6
Satisfiable answer found for formula #373
2 2 2 2 0 0 2 2 2 2 0 0 2 2 2 2 2 2 2 2 
Solving formula #374
Answer: S
Max literals in a clause: 6
Satisfiable answer found for formula #374
0 2 2 0 2 2 2 2 0 2 2 2 2 0 0 2 2 2 2 2 
Solving formula #375
Answer: S
Max literals in a clause: 6
Satisfiable answer found for formula #375
0 2 2 2 0 2 2 0 2 2 2 2 2 2 2 2 2 2 2 0 
Solving formula #376
Answer: S
Max literals in a clause: 6
Satisfiable answer found for formula #376
2 2 0 2 0 2 0 2 0 2 2 2 0 2 2 2 0 2 2 2 
Solving formula #377
Answer: S
Max literals in a clause: 6
Satisfiable answer found for formula #377
0 0 0 2 0 0 2 2 2 0 0 2 2 2 2 2 2 2 2 2 
Solving formula #378
Answer: S
Max literals in a clause: 6
Satisfiable answer found for formula #378
0 2 2 2 2 2 2 2 2 2 2 2 2 2 2 2 2 0 2 0 
Solving formula #379
Answer: S
Max literals in a clause: 6
Satisfiable answer found for formula #379
2 2 2 2 2 2 2 0 2 2 2 2 2 0 2 2 2 2 2 2 
Solving formula #380
Answer: S
Max literals in a clause: 6
Satisfiable answer found for formula #380
2 2 0 0 0 2 0 2 2 2 2 2 2 2 2 2 2 2 2 2 
Solving formula #381
Answer: S
Max literals in a clause: 6
Satisfiable answer found for formula #381
0 2 2 2 2 2 2 2 2 0 2 2 2 2 2 2 2 2 2 2 0 2 
Solving formula #382
Answer: S
Max literals in a clause: 6
Satisfiable answer found for formula #382
2 2 2 0 2 2 2 2 2 2 2 0 2 2 0 2 0 2 2 2 2 2 
Solving formula #383
Answer: S
Max literals in a clause: 6
Satisfiable answer found for formula #383
0 2 2 0 2 0 2 0 2 2 2 0 2 2 0 0 2 2 2 2 2 2 
Solving formula #384
Answer: S
Max literals in a clause: 6
Satisfiable answer found for formula #384
2 2 2 2 2 0 2 2 2 2 0 2 0 2 2 2 2 2 2 2 2 2 
Solving formula #385
Answer: S
Max literals in a clause: 6
Satisfiable answer found for formula #385
2 2 2 2 2 2 2 2 2 2 2 2 2 2 2 2 2 2 2 2 2 2 
Solving formula #386
Answer: S
Max literals in a clause: 6
Satisfiable answer found for formula #386
2 0 2 2 0 2 0 2 2 2 2 0 2 2 2 2 0 2 2 2 2 2 
Solving formula #387
Answer: S
Max literals in a clause: 6
Satisfiable answer found for formula #387
2 0 0 0 0 2 2 2 2 2 2 2 2 2 2 0 0 0 2 2 2 2 
Solving formula #388
Answer: S
Max literals in a clause: 6
Satisfiable answer found for formula #388
2 2 2 2 2 0 2 0 2 2 2 2 2 2 2 2 2 2 2 2 2 2 
Solving formula #389
Answer: S
Max literals in a clause: 6
Satisfiable answer found for formula #389
0 2 2 2 2 0 2 2 2 2 2 2 2 2 2 2 2 2 2 2 2 2 
Solving formula #390
Answer: S
Max literals in a clause: 6
Satisfiable answer found for formula #390
2 2 2 2 2 2 2 2 2 2 2 0 2 2 2 2 2 2 2 2 2 2 
Solving formula #391
Answer: S
Max literals in a clause: 6
Satisfiable answer found for formula #391
2 0 2 2 0 2 2 2 2 2 2 2 2 2 2 2 2 2 2 2 2 2 2 2 
Solving formula #392
Answer: S
Max literals in a clause: 6
Satisfiable answer found for formula #392
0 0 2 0 2 2 0 2 2 0 2 2 2 2 2 2 2 2 0 2 2 2 2 2 
Solving formula #393
Answer: S
Max literals in a clause: 6
Satisfiable answer found for formula #393
0 0 2 0 2 2 2 2 0 2 2 2 2 2 2 2 2 2 2 2 2 2 2 2 
Solving formula #394
Answer: S
Max literals in a clause: 6
Satisfiable answer found for formula #394
2 0 2 2 2 2 2 2 2 2 2 2 2 2 2 2 2 2 2 2 2 2 2 2 
Solving formula #395
Answer: S
Max literals in a clause: 6
Satisfiable answer found for formula #395
2 2 2 2 2 2 2 2 0 2 2 2 2 2 2 2 2 2 2 2 2 2 2 2 
Solving formula #396
Answer: S
Max literals in a clause: 6
Satisfiable answer found for formula #396
0 2 2 2 2 0 2 2 2 2 2 2 2 2 2 2 0 2 2 2 2 2 2 2 
Solving formula #397
Answer: S
Max literals in a clause: 6
Satisfiable answer found for formula #397
2 0 2 2 2 2 0 2 2 2 2 2 2 2 0 2 2 2 2 2 2 2 2 2 
Solving formula #398
Answer: S
Max literals in a clause: 6
Satisfiable answer found for formula #398
0 2 2 2 2 0 2 2 2 2 0 2 2 2 2 0 2 2 2 0 2 2 0 2 
Solving formula #399
Answer: S
Max literals in a clause: 6
Satisfiable answer found for formula #399
0 2 2 2 2 0 2 0 2 2 2 2 2 0 2 2 2 2 2 2 2 2 2 2 
Solving formula #400
Answer: S
Max literals in a clause: 6
Satisfiable answer found for formula #400
0 2 0 0 0 2 2 2 2 2 2 0 2 0 2 2 2 2 2 2 2 2 2 2 
