Solving formula #1
Answer: ?
Max literals in a clause: 2
Satisfiable answer found for formula #1
2 0 2 2 
Solving formula #2
Answer: ?
Max literals in a clause: 2
Satisfiable answer found for formula #2
0 2 0 0 
Solving formula #3
Answer: ?
Max literals in a clause: 2
No satisfiable answer found for formula #3
Solving formula #4
Answer: ?
Max literals in a clause: 2
Satisfiable answer found for formula #4
2 0 2 2 
Solving formula #5
Answer: ?
Max literals in a clause: 2
Satisfiable answer found for formula #5
0 2 2 1 
Solving formula #6
Answer: ?
Max literals in a clause: 2
No satisfiable answer found for formula #6
Solving formula #7
Answer: ?
Max literals in a clause: 2
Satisfiable answer found for formula #7
2 2 2 2 
Solving formula #8
Answer: ?
Max literals in a clause: 2
No satisfiable answer found for formula #8
Solving formula #9
Answer: ?
Max literals in a clause: 2
Satisfiable answer found for formula #9
2 2 2 2 
Solving formula #10
Answer: ?
Max literals in a clause: 2
No satisfiable answer found for formula #10
Solving formula #11
Answer: ?
Max literals in a clause: 2
No satisfiable answer found for formula #11
Solving formula #12
Answer: ?
Max literals in a clause: 2
Satisfiable answer found for formula #12
0 0 0 2 0 0 2 2 
Solving formula #13
Answer: ?
Max literals in a clause: 2
Satisfiable answer found for formula #13
2 2 0 0 2 2 0 2 
Solving formula #14
Answer: ?
Max literals in a clause: 2
Satisfiable answer found for formula #14
2 2 0 1 1 0 0 0 
Solving formula #15
Answer: ?
Max literals in a clause: 2
No satisfiable answer found for formula #15
Solving formula #16
Answer: ?
Max literals in a clause: 2
No satisfiable answer found for formula #16
Solving formula #17
Answer: ?
Max literals in a clause: 2
Satisfiable answer found for formula #17
0 2 2 0 0 1 1 0 
Solving formula #18
Answer: ?
Max literals in a clause: 2
Satisfiable answer found for formula #18
2 0 1 2 2 0 1 2 
Solving formula #19
Answer: ?
Max literals in a clause: 2
No satisfiable answer found for formula #19
Solving formula #20
Answer: ?
Max literals in a clause: 2
No satisfiable answer found for formula #20
Solving formula #21
Answer: ?
Max literals in a clause: 2
No satisfiable answer found for formula #21
Solving formula #22
Answer: ?
Max literals in a clause: 2
Satisfiable answer found for formula #22
0 1 2 2 1 0 0 0 0 2 0 2 
Solving formula #23
Answer: ?
Max literals in a clause: 2
No satisfiable answer found for formula #23
Solving formula #24
Answer: ?
Max literals in a clause: 2
No satisfiable answer found for formula #24
Solving formula #25
Answer: ?
Max literals in a clause: 2
Satisfiable answer found for formula #25
0 1 1 0 2 0 2 1 2 2 0 2 
Solving formula #26
Answer: ?
Max literals in a clause: 2
No satisfiable answer found for formula #26
Solving formula #27
Answer: ?
Max literals in a clause: 2
No satisfiable answer found for formula #27
Solving formula #28
Answer: ?
Max literals in a clause: 2
Satisfiable answer found for formula #28
1 0 0 2 2 2 2 2 0 1 2 0 
Solving formula #29
Answer: ?
Max literals in a clause: 2
Satisfiable answer found for formula #29
2 0 0 0 2 2 2 0 1 2 1 0 
Solving formula #30
Answer: ?
Max literals in a clause: 2
No satisfiable answer found for formula #30
Solving formula #31
Answer: ?
Max literals in a clause: 2
No satisfiable answer found for formula #31
Solving formula #32
Answer: ?
Max literals in a clause: 2
No satisfiable answer found for formula #32
Solving formula #33
Answer: ?
Max literals in a clause: 2
No satisfiable answer found for formula #33
Solving formula #34
Answer: ?
Max literals in a clause: 2
Satisfiable answer found for formula #34
0 2 0 0 1 1 0 0 2 0 2 2 0 0 2 2 
Solving formula #35
Answer: ?
Max literals in a clause: 2
No satisfiable answer found for formula #35
Solving formula #36
Answer: ?
Max literals in a clause: 2
No satisfiable answer found for formula #36
Solving formula #37
Answer: ?
Max literals in a clause: 2
Satisfiable answer found for formula #37
1 2 0 0 2 2 2 1 2 2 2 0 1 0 2 0 
Solving formula #38
Answer: ?
Max literals in a clause: 2
No satisfiable answer found for formula #38
Solving formula #39
Answer: ?
Max literals in a clause: 2
No satisfiable answer found for formula #39
Solving formula #40
Answer: ?
Max literals in a clause: 2
No satisfiable answer found for formula #40
Solving formula #41
Answer: ?
Max literals in a clause: 2
No satisfiable answer found for formula #41
Solving formula #42
Answer: ?
Max literals in a clause: 2
Satisfiable answer found for formula #42
2 2 2 1 2 0 2 0 0 2 2 2 0 0 0 0 2 0 
Solving formula #43
Answer: ?
Max literals in a clause: 2
No satisfiable answer found for formula #43
Solving formula #44
Answer: ?
Max literals in a clause: 2
No satisfiable answer found for formula #44
Solving formula #45
Answer: ?
Max literals in a clause: 2
No satisfiable answer found for formula #45
Solving formula #46
Answer: ?
Max literals in a clause: 2
Satisfiable answer found for formula #46
0 1 1 0 2 0 0 2 0 0 0 2 0 2 2 0 0 0 
Solving formula #47
Answer: ?
Max literals in a clause: 2
Satisfiable answer found for formula #47
2 2 0 2 0 1 0 1 0 2 2 2 2 0 0 1 2 0 
Solving formula #48
Answer: ?
Max literals in a clause: 2
No satisfiable answer found for formula #48
Solving formula #49
Answer: ?
Max literals in a clause: 2
No satisfiable answer found for formula #49
Solving formula #50
Answer: ?
Max literals in a clause: 2
No satisfiable answer found for formula #50
Solving formula #51
Answer: ?
Max literals in a clause: 2
No satisfiable answer found for formula #51
Solving formula #52
Answer: ?
Max literals in a clause: 2
Satisfiable answer found for formula #52
0 0 2 0 2 2 0 0 0 0 2 2 0 2 0 2 0 2 2 0 
Solving formula #53
Answer: ?
Max literals in a clause: 2
No satisfiable answer found for formula #53
Solving formula #54
Answer: ?
Max literals in a clause: 2
No satisfiable answer found for formula #54
Solving formula #55
Answer: ?
Max literals in a clause: 2
Satisfiable answer found for formula #55
2 0 0 0 0 1 0 0 2 0 0 0 2 1 0 2 1 0 0 2 
Solving formula #56
Answer: ?
Max literals in a clause: 2
No satisfiable answer found for formula #56
Solving formula #57
Answer: ?
Max literals in a clause: 2
No satisfiable answer found for formula #57
Solving formula #58
Answer: ?
Max literals in a clause: 2
Satisfiable answer found for formula #58
0 2 2 1 0 0 0 2 0 2 0 2 2 2 0 0 2 2 0 0 
Solving formula #59
Answer: ?
Max literals in a clause: 2
No satisfiable answer found for formula #59
Solving formula #60
Answer: ?
Max literals in a clause: 2
Satisfiable answer found for formula #60
2 2 2 0 0 2 2 0 0 0 1 1 2 2 2 0 0 0 0 2 
Solving formula #61
Answer: ?
Max literals in a clause: 2
No satisfiable answer found for formula #61
Solving formula #62
Answer: ?
Max literals in a clause: 2
No satisfiable answer found for formula #62
Solving formula #63
Answer: ?
Max literals in a clause: 2
No satisfiable answer found for formula #63
Solving formula #64
Answer: ?
Max literals in a clause: 2
No satisfiable answer found for formula #64
Solving formula #65
Answer: ?
Max literals in a clause: 2
No satisfiable answer found for formula #65
Solving formula #66
Answer: ?
Max literals in a clause: 2
No satisfiable answer found for formula #66
Solving formula #67
Answer: ?
Max literals in a clause: 2
No satisfiable answer found for formula #67
Solving formula #68
Answer: ?
Max literals in a clause: 2
No satisfiable answer found for formula #68
Solving formula #69
Answer: ?
Max literals in a clause: 2
No satisfiable answer found for formula #69
Solving formula #70
Answer: ?
Max literals in a clause: 2
No satisfiable answer found for formula #70
Solving formula #71
Answer: ?
Max literals in a clause: 2
No satisfiable answer found for formula #71
Solving formula #72
Answer: ?
Max literals in a clause: 2
No satisfiable answer found for formula #72
Solving formula #73
Answer: ?
Max literals in a clause: 2
No satisfiable answer found for formula #73
Solving formula #74
Answer: ?
Max literals in a clause: 2
Satisfiable answer found for formula #74
2 0 2 0 0 2 1 2 0 2 0 0 2 0 2 1 2 0 0 1 0 2 2 0 
Solving formula #75
Answer: ?
Max literals in a clause: 2
No satisfiable answer found for formula #75
Solving formula #76
Answer: ?
Max literals in a clause: 2
No satisfiable answer found for formula #76
Solving formula #77
Answer: ?
Max literals in a clause: 2
Satisfiable answer found for formula #77
2 2 0 2 2 2 2 2 2 0 2 2 1 0 2 2 2 1 0 0 0 0 2 0 
Solving formula #78
Answer: ?
Max literals in a clause: 2
Satisfiable answer found for formula #78
0 2 2 1 2 0 1 0 2 2 0 0 2 0 2 0 2 2 2 0 0 2 0 2 
Solving formula #79
Answer: ?
Max literals in a clause: 2
No satisfiable answer found for formula #79
Solving formula #80
Answer: ?
Max literals in a clause: 2
Satisfiable answer found for formula #80
2 2 2 0 1 2 1 2 2 1 0 2 1 0 2 2 0 2 0 0 2 1 1 0 
Solving formula #81
Answer: ?
Max literals in a clause: 3
No satisfiable answer found for formula #81
Solving formula #82
Answer: ?
Max literals in a clause: 3
Satisfiable answer found for formula #82
0 1 1 0 
Solving formula #83
Answer: ?
Max literals in a clause: 3
Satisfiable answer found for formula #83
2 2 2 2 
Solving formula #84
Answer: ?
Max literals in a clause: 3
Satisfiable answer found for formula #84
2 0 2 2 
Solving formula #85
Answer: ?
Max literals in a clause: 3
No satisfiable answer found for formula #85
Solving formula #86
Answer: ?
Max literals in a clause: 3
Satisfiable answer found for formula #86
1 2 2 0 
Solving formula #87
Answer: ?
Max literals in a clause: 3
Satisfiable answer found for formula #87
2 1 0 0 
Solving formula #88
Answer: ?
Max literals in a clause: 3
No satisfiable answer found for formula #88
Solving formula #89
Answer: ?
Max literals in a clause: 3
No satisfiable answer found for formula #89
Solving formula #90
Answer: ?
Max literals in a clause: 3
Satisfiable answer found for formula #90
2 0 2 2 
Solving formula #91
Answer: ?
Max literals in a clause: 3
Satisfiable answer found for formula #91
0 0 2 2 2 2 2 1 
Solving formula #92
Answer: ?
Max literals in a clause: 3
No satisfiable answer found for formula #92
Solving formula #93
Answer: ?
Max literals in a clause: 3
No satisfiable answer found for formula #93
Solving formula #94
Answer: ?
Max literals in a clause: 3
Satisfiable answer found for formula #94
2 0 0 2 2 0 2 0 
Solving formula #95
Answer: ?
Max literals in a clause: 3
Satisfiable answer found for formula #95
0 2 0 1 0 0 2 0 
Solving formula #96
Answer: ?
Max literals in a clause: 3
Satisfiable answer found for formula #96
0 0 2 0 2 0 0 0 
Solving formula #97
Answer: ?
Max literals in a clause: 3
No satisfiable answer found for formula #97
Solving formula #98
Answer: ?
Max literals in a clause: 3
Satisfiable answer found for formula #98
0 0 1 0 0 0 0 2 
Solving formula #99
Answer: ?
Max literals in a clause: 3
No satisfiable answer found for formula #99
Solving formula #100
Answer: ?
Max literals in a clause: 3
Satisfiable answer found for formula #100
0 2 0 2 2 2 2 2 
Solving formula #101
Answer: ?
Max literals in a clause: 3
No satisfiable answer found for formula #101
Solving formula #102
Answer: ?
Max literals in a clause: 3
No satisfiable answer found for formula #102
Solving formula #103
Answer: ?
Max literals in a clause: 3
No satisfiable answer found for formula #103
Solving formula #104
Answer: ?
Max literals in a clause: 3
Satisfiable answer found for formula #104
2 0 2 0 0 2 2 2 2 0 2 2 
Solving formula #105
Answer: ?
Max literals in a clause: 3
Satisfiable answer found for formula #105
2 0 0 0 2 0 2 1 2 2 0 2 
Solving formula #106
Answer: ?
Max literals in a clause: 3
Satisfiable answer found for formula #106
0 0 0 2 0 2 0 2 2 1 2 2 
Solving formula #107
Answer: ?
Max literals in a clause: 3
No satisfiable answer found for formula #107
Solving formula #108
Answer: ?
Max literals in a clause: 3
No satisfiable answer found for formula #108
Solving formula #109
Answer: ?
Max literals in a clause: 3
No satisfiable answer found for formula #109
Solving formula #110
Answer: ?
Max literals in a clause: 3
Satisfiable answer found for formula #110
0 1 0 0 2 0 2 2 0 0 0 0 
Solving formula #111
Answer: ?
Max literals in a clause: 3
No satisfiable answer found for formula #111
Solving formula #112
Answer: ?
Max literals in a clause: 3
Satisfiable answer found for formula #112
0 0 0 0 2 1 0 1 2 0 1 0 0 1 2 0 
Solving formula #113
Answer: ?
Max literals in a clause: 3
Satisfiable answer found for formula #113
0 2 1 1 0 2 2 0 1 2 1 0 0 0 2 0 
Solving formula #114
Answer: ?
Max literals in a clause: 3
No satisfiable answer found for formula #114
Solving formula #115
Answer: ?
Max literals in a clause: 3
No satisfiable answer found for formula #115
Solving formula #116
Answer: ?
Max literals in a clause: 3
Satisfiable answer found for formula #116
1 1 2 1 1 0 2 1 0 0 2 2 0 2 0 2 
Solving formula #117
Answer: ?
Max literals in a clause: 3
No satisfiable answer found for formula #117
Solving formula #118
Answer: ?
Max literals in a clause: 3
No satisfiable answer found for formula #118
Solving formula #119
Answer: ?
Max literals in a clause: 3
No satisfiable answer found for formula #119
Solving formula #120
Answer: ?
Max literals in a clause: 3
No satisfiable answer found for formula #120
Solving formula #121
Answer: ?
Max literals in a clause: 3
No satisfiable answer found for formula #121
Solving formula #122
Answer: ?
Max literals in a clause: 3
Satisfiable answer found for formula #122
1 2 1 2 1 0 0 2 1 0 0 2 2 0 0 2 0 0 
Solving formula #123
Answer: ?
Max literals in a clause: 3
No satisfiable answer found for formula #123
Solving formula #124
Answer: ?
Max literals in a clause: 3
No satisfiable answer found for formula #124
Solving formula #125
Answer: ?
Max literals in a clause: 3
No satisfiable answer found for formula #125
Solving formula #126
Answer: ?
Max literals in a clause: 3
No satisfiable answer found for formula #126
Solving formula #127
Answer: ?
Max literals in a clause: 3
No satisfiable answer found for formula #127
Solving formula #128
Answer: ?
Max literals in a clause: 3
No satisfiable answer found for formula #128
Solving formula #129
Answer: ?
Max literals in a clause: 3
No satisfiable answer found for formula #129
Solving formula #130
Answer: ?
Max literals in a clause: 3
No satisfiable answer found for formula #130
Solving formula #131
Answer: ?
Max literals in a clause: 3
No satisfiable answer found for formula #131
Solving formula #132
Answer: ?
Max literals in a clause: 3
No satisfiable answer found for formula #132
Solving formula #133
Answer: ?
Max literals in a clause: 3
No satisfiable answer found for formula #133
Solving formula #134
Answer: ?
Max literals in a clause: 3
Satisfiable answer found for formula #134
2 1 0 0 2 2 0 0 2 2 0 0 1 2 2 0 0 2 2 2 
Solving formula #135
Answer: ?
Max literals in a clause: 3
No satisfiable answer found for formula #135
Solving formula #136
Answer: ?
Max literals in a clause: 3
No satisfiable answer found for formula #136
Solving formula #137
Answer: ?
Max literals in a clause: 3
No satisfiable answer found for formula #137
Solving formula #138
Answer: ?
Max literals in a clause: 3
No satisfiable answer found for formula #138
Solving formula #139
Answer: ?
Max literals in a clause: 3
No satisfiable answer found for formula #139
Solving formula #140
Answer: ?
Max literals in a clause: 3
Satisfiable answer found for formula #140
2 0 2 0 0 2 0 2 2 2 2 2 2 2 2 2 2 0 2 2 
Solving formula #141
Answer: ?
Max literals in a clause: 3
No satisfiable answer found for formula #141
Solving formula #142
Answer: ?
Max literals in a clause: 3
No satisfiable answer found for formula #142
Solving formula #143
Answer: ?
Max literals in a clause: 3
No satisfiable answer found for formula #143
Solving formula #144
Answer: ?
Max literals in a clause: 3
No satisfiable answer found for formula #144
Solving formula #145
Answer: ?
Max literals in a clause: 3
No satisfiable answer found for formula #145
Solving formula #146
Answer: ?
Max literals in a clause: 3
Satisfiable answer found for formula #146
2 0 2 0 0 0 0 0 2 0 0 0 0 0 0 0 2 0 0 0 2 1 
Solving formula #147
Answer: ?
Max literals in a clause: 3
No satisfiable answer found for formula #147
Solving formula #148
Answer: ?
Max literals in a clause: 3
No satisfiable answer found for formula #148
Solving formula #149
Answer: ?
Max literals in a clause: 3
No satisfiable answer found for formula #149
Solving formula #150
Answer: ?
Max literals in a clause: 3
No satisfiable answer found for formula #150
Solving formula #151
Answer: ?
Max literals in a clause: 3
No satisfiable answer found for formula #151
Solving formula #152
Answer: ?
Max literals in a clause: 3
No satisfiable answer found for formula #152
Solving formula #153
Answer: ?
Max literals in a clause: 3
No satisfiable answer found for formula #153
Solving formula #154
Answer: ?
Max literals in a clause: 3
No satisfiable answer found for formula #154
Solving formula #155
Answer: ?
Max literals in a clause: 3
No satisfiable answer found for formula #155
Solving formula #156
Answer: ?
Max literals in a clause: 3
No satisfiable answer found for formula #156
Solving formula #157
Answer: ?
Max literals in a clause: 3
No satisfiable answer found for formula #157
Solving formula #158
Answer: ?
Max literals in a clause: 3
No satisfiable answer found for formula #158
Solving formula #159
Answer: ?
Max literals in a clause: 3
No satisfiable answer found for formula #159
Solving formula #160
Answer: ?
Max literals in a clause: 3
Satisfiable answer found for formula #160
0 2 0 1 2 0 1 0 0 2 0 2 1 1 0 2 0 0 0 0 2 1 0 0 
Solving formula #161
Answer: ?
Max literals in a clause: 4
No satisfiable answer found for formula #161
Solving formula #162
Answer: ?
Max literals in a clause: 4
No satisfiable answer found for formula #162
Solving formula #163
Answer: ?
Max literals in a clause: 4
No satisfiable answer found for formula #163
Solving formula #164
Answer: ?
Max literals in a clause: 4
No satisfiable answer found for formula #164
Solving formula #165
Answer: ?
Max literals in a clause: 4
Satisfiable answer found for formula #165
2 1 2 0 
Solving formula #166
Answer: ?
Max literals in a clause: 4
No satisfiable answer found for formula #166
Solving formula #167
Answer: ?
Max literals in a clause: 4
Satisfiable answer found for formula #167
0 2 0 2 
Solving formula #168
Answer: ?
Max literals in a clause: 4
Satisfiable answer found for formula #168
0 0 0 0 
Solving formula #169
Answer: ?
Max literals in a clause: 4
Satisfiable answer found for formula #169
2 0 2 0 
Solving formula #170
Answer: ?
Max literals in a clause: 4
No satisfiable answer found for formula #170
Solving formula #171
Answer: ?
Max literals in a clause: 4
No satisfiable answer found for formula #171
Solving formula #172
Answer: ?
Max literals in a clause: 4
Satisfiable answer found for formula #172
0 2 0 1 0 0 0 0 
Solving formula #173
Answer: ?
Max literals in a clause: 4
Satisfiable answer found for formula #173
0 2 0 2 2 0 2 2 
Solving formula #174
Answer: ?
Max literals in a clause: 4
Satisfiable answer found for formula #174
1 0 1 0 2 2 0 2 
Solving formula #175
Answer: ?
Max literals in a clause: 4
Satisfiable answer found for formula #175
0 0 1 0 2 0 2 2 
Solving formula #176
Answer: ?
Max literals in a clause: 4
Satisfiable answer found for formula #176
0 0 1 0 1 2 1 0 
Solving formula #177
Answer: ?
Max literals in a clause: 4
Satisfiable answer found for formula #177
0 0 1 0 2 1 0 0 
Solving formula #178
Answer: ?
Max literals in a clause: 4
No satisfiable answer found for formula #178
Solving formula #179
Answer: ?
Max literals in a clause: 4
No satisfiable answer found for formula #179
Solving formula #180
Answer: ?
Max literals in a clause: 4
Satisfiable answer found for formula #180
0 0 2 2 0 0 0 0 
Solving formula #181
Answer: ?
Max literals in a clause: 4
Satisfiable answer found for formula #181
2 1 1 1 0 1 0 2 0 1 0 0 
Solving formula #182
Answer: ?
Max literals in a clause: 4
Satisfiable answer found for formula #182
2 2 2 0 0 2 2 2 0 2 2 2 
Solving formula #183
Answer: ?
Max literals in a clause: 4
Satisfiable answer found for formula #183
0 0 1 0 1 0 0 1 0 1 0 0 
Solving formula #184
Answer: ?
Max literals in a clause: 4
No satisfiable answer found for formula #184
Solving formula #185
Answer: ?
Max literals in a clause: 4
No satisfiable answer found for formula #185
Solving formula #186
Answer: ?
Max literals in a clause: 4
No satisfiable answer found for formula #186
Solving formula #187
Answer: ?
Max literals in a clause: 4
Satisfiable answer found for formula #187
1 0 1 0 0 0 0 0 0 0 0 2 
Solving formula #188
Answer: ?
Max literals in a clause: 4
No satisfiable answer found for formula #188
Solving formula #189
Answer: ?
Max literals in a clause: 4
Satisfiable answer found for formula #189
2 0 2 2 0 1 2 2 1 0 0 2 
Solving formula #190
Answer: ?
Max literals in a clause: 4
No satisfiable answer found for formula #190
Solving formula #191
Answer: ?
Max literals in a clause: 4
No satisfiable answer found for formula #191
Solving formula #192
Answer: ?
Max literals in a clause: 4
No satisfiable answer found for formula #192
Solving formula #193
Answer: ?
Max literals in a clause: 4
No satisfiable answer found for formula #193
Solving formula #194
Answer: ?
Max literals in a clause: 4
Satisfiable answer found for formula #194
1 0 1 0 0 2 1 0 0 0 0 2 0 0 0 0 
Solving formula #195
Answer: ?
Max literals in a clause: 4
No satisfiable answer found for formula #195
Solving formula #196
Answer: ?
Max literals in a clause: 4
Satisfiable answer found for formula #196
0 1 0 0 0 0 0 0 0 1 2 0 0 0 0 0 
Solving formula #197
Answer: ?
Max literals in a clause: 4
No satisfiable answer found for formula #197
Solving formula #198
Answer: ?
Max literals in a clause: 4
No satisfiable answer found for formula #198
Solving formula #199
Answer: ?
Max literals in a clause: 4
Satisfiable answer found for formula #199
2 2 0 0 1 0 2 2 2 2 2 2 2 1 0 0 
Solving formula #200
Answer: ?
Max literals in a clause: 4
Satisfiable answer found for formula #200
0 0 0 2 0 0 1 2 0 2 0 2 2 1 0 2 
Solving formula #201
Answer: ?
Max literals in a clause: 4
Satisfiable answer found for formula #201
1 0 1 0 0 0 0 0 0 2 0 1 0 1 0 2 0 0 
Solving formula #202
Answer: ?
Max literals in a clause: 4
Satisfiable answer found for formula #202
0 2 2 1 2 2 2 1 1 0 0 0 2 2 2 2 0 2 
Solving formula #203
Answer: ?
Max literals in a clause: 4
No satisfiable answer found for formula #203
Solving formula #204
Answer: ?
Max literals in a clause: 4
Satisfiable answer found for formula #204
2 1 2 0 1 2 2 0 2 0 2 0 2 2 2 2 1 2 
Solving formula #205
Answer: ?
Max literals in a clause: 4
No satisfiable answer found for formula #205
Solving formula #206
Answer: ?
Max literals in a clause: 4
Satisfiable answer found for formula #206
0 0 0 0 2 0 1 0 2 0 0 0 0 1 2 1 0 2 
Solving formula #207
Answer: ?
Max literals in a clause: 4
Satisfiable answer found for formula #207
0 0 0 2 2 0 0 1 2 0 0 0 0 0 0 0 2 0 
Solving formula #208
Answer: ?
Max literals in a clause: 4
No satisfiable answer found for formula #208
Solving formula #209
Answer: ?
Max literals in a clause: 4
No satisfiable answer found for formula #209
Solving formula #210
Answer: ?
Max literals in a clause: 4
Satisfiable answer found for formula #210
0 0 2 1 0 2 0 2 2 0 2 0 2 2 2 2 1 2 
Solving formula #211
Answer: ?
Max literals in a clause: 4
Satisfiable answer found for formula #211
2 0 0 1 0 1 0 0 1 0 2 2 0 0 1 0 0 1 0 2 
Solving formula #212
Answer: ?
Max literals in a clause: 4
Satisfiable answer found for formula #212
1 2 2 2 2 2 0 0 2 2 2 2 0 2 0 2 2 1 2 0 
Solving formula #213
Answer: ?
Max literals in a clause: 4
No satisfiable answer found for formula #213
Solving formula #214
Answer: ?
Max literals in a clause: 4
No satisfiable answer found for formula #214
Solving formula #215
Answer: ?
Max literals in a clause: 4
Satisfiable answer found for formula #215
1 2 2 1 2 2 1 0 1 0 0 0 2 0 2 2 2 2 0 2 
Solving formula #216
Answer: ?
Max literals in a clause: 4
No satisfiable answer found for formula #216
Solving formula #217
Answer: ?
Max literals in a clause: 4
No satisfiable answer found for formula #217
Solving formula #218
Answer: ?
Max literals in a clause: 4
No satisfiable answer found for formula #218
Solving formula #219
Answer: ?
Max literals in a clause: 4
Satisfiable answer found for formula #219
0 1 0 0 0 0 2 0 1 0 2 0 1 0 2 0 2 2 2 0 
Solving formula #220
Answer: ?
Max literals in a clause: 4
Satisfiable answer found for formula #220
2 2 0 0 1 0 0 1 1 1 2 1 2 0 2 2 2 1 0 0 
Solving formula #221
Answer: ?
Max literals in a clause: 4
Satisfiable answer found for formula #221
2 1 0 0 2 2 0 1 0 0 0 2 1 0 0 2 2 2 0 0 2 1 
Solving formula #222
Answer: ?
Max literals in a clause: 4
Satisfiable answer found for formula #222
2 0 2 0 1 0 0 0 2 0 0 1 1 0 1 0 2 0 2 0 2 0 
Solving formula #223
Answer: ?
Max literals in a clause: 4
Satisfiable answer found for formula #223
0 1 0 2 2 0 0 1 1 0 0 0 2 2 2 0 2 2 0 2 0 0 
Solving formula #224
Answer: ?
Max literals in a clause: 4
Satisfiable answer found for formula #224
1 0 2 0 2 0 2 0 0 2 0 0 2 0 0 0 1 2 0 2 0 0 
Solving formula #225
Answer: ?
Max literals in a clause: 4
Satisfiable answer found for formula #225
2 2 0 2 1 2 1 2 2 0 0 0 0 2 1 0 0 2 0 2 0 0 
Solving formula #226
Answer: ?
Max literals in a clause: 4
No satisfiable answer found for formula #226
Solving formula #227
Answer: ?
Max literals in a clause: 4
No satisfiable answer found for formula #227
Solving formula #228
Answer: ?
Max literals in a clause: 4
Satisfiable answer found for formula #228
0 1 0 0 1 0 0 0 0 0 0 0 1 0 2 2 0 2 2 2 0 0 
Solving formula #229
Answer: ?
Max literals in a clause: 4
No satisfiable answer found for formula #229
Solving formula #230
Answer: ?
Max literals in a clause: 4
No satisfiable answer found for formula #230
Solving formula #231
Answer: ?
Max literals in a clause: 4
No satisfiable answer found for formula #231
Solving formula #232
Answer: ?
Max literals in a clause: 4
No satisfiable answer found for formula #232
Solving formula #233
Answer: ?
Max literals in a clause: 4
Satisfiable answer found for formula #233
0 0 0 0 0 1 2 0 0 0 0 0 0 0 2 0 1 0 2 1 2 0 2 2 
Solving formula #234
Answer: ?
Max literals in a clause: 4
No satisfiable answer found for formula #234
Solving formula #235
Answer: ?
Max literals in a clause: 4
No satisfiable answer found for formula #235
Solving formula #236
Answer: ?
Max literals in a clause: 4
Satisfiable answer found for formula #236
0 0 2 0 2 1 0 2 0 0 2 0 0 0 0 2 0 2 0 0 0 2 0 0 
Solving formula #237
Answer: ?
Max literals in a clause: 4
No satisfiable answer found for formula #237
Solving formula #238
Answer: ?
Max literals in a clause: 4
No satisfiable answer found for formula #238
Solving formula #239
Answer: ?
Max literals in a clause: 4
Satisfiable answer found for formula #239
0 1 2 0 0 2 0 0 0 0 1 0 0 2 2 2 2 2 2 2 2 0 2 0 
Solving formula #240
Answer: ?
Max literals in a clause: 4
No satisfiable answer found for formula #240
